2013-11-19 21:17:02,746 DEBUG [main] com.jiazu.web.shop.dao.TestDao.getTest(Slf4jImpl.java:47) - ooo Using Connection [jdbc:mysql://localhost/ShopDB, UserName=root@localhost, MySQL-AB JDBC Driver]
2013-11-19 21:17:02,765 DEBUG [main] com.jiazu.web.shop.dao.TestDao.getTest(Slf4jImpl.java:47) - ==>  Preparing: select * from `t_idvalue` where id = ? 
2013-11-19 21:17:02,798 DEBUG [main] com.jiazu.web.shop.dao.TestDao.getTest(Slf4jImpl.java:47) - ==> Parameters: 1(Integer)
2013-11-19 21:17:02,823 DEBUG [main] com.jiazu.web.shop.dao.TestDao.insertTest(Slf4jImpl.java:47) - ooo Using Connection [jdbc:mysql://localhost/ShopDB, UserName=root@localhost, MySQL-AB JDBC Driver]
2013-11-19 21:17:02,823 DEBUG [main] com.jiazu.web.shop.dao.TestDao.insertTest(Slf4jImpl.java:47) - ==>  Preparing: INSERT INTO `t_idvalue` (`value`) VALUES (?) 
2013-11-19 21:17:02,824 DEBUG [main] com.jiazu.web.shop.dao.TestDao.insertTest(Slf4jImpl.java:47) - ==> Parameters: insert3306(String)
2013-11-19 21:17:10,786 DEBUG [main] com.jiazu.web.shop.dao.AddressDao.get(Slf4jImpl.java:47) - ooo Using Connection [jdbc:mysql://localhost/ShopDB, UserName=root@localhost, MySQL-AB JDBC Driver]
2013-11-19 21:17:10,786 DEBUG [main] com.jiazu.web.shop.dao.AddressDao.get(Slf4jImpl.java:47) - ==>  Preparing: select `uid`,`createtime` , `useruid`, `consignee`, `email`, `province`, `city`, `district`, `address`, `zipcode`, `tel`, `mobile`, `type`, `updatetime` from b2caddress where uid = ? 
2013-11-19 21:17:10,787 DEBUG [main] com.jiazu.web.shop.dao.AddressDao.get(Slf4jImpl.java:47) - ==> Parameters: 86883b04795f38d0a70b1f9004c1f989(String)
2013-11-19 21:17:10,794 DEBUG [main] com.jiazu.web.shop.dao.AddressDao.getOne(Slf4jImpl.java:47) - ooo Using Connection [jdbc:mysql://localhost/ShopDB, UserName=root@localhost, MySQL-AB JDBC Driver]
2013-11-19 21:17:10,794 DEBUG [main] com.jiazu.web.shop.dao.AddressDao.getOne(Slf4jImpl.java:47) - ==>  Preparing: select `uid`,`createtime` , `useruid`, `consignee`, `email`, `province`, `city`, `district`, `address`, `zipcode`, `tel`, `mobile`, `type`, `updatetime` from b2caddress WHERE useruid = ? LIMIT 0,1 
2013-11-19 21:17:10,795 DEBUG [main] com.jiazu.web.shop.dao.AddressDao.getOne(Slf4jImpl.java:47) - ==> Parameters: 93483b04795f48d0a70b1f9004c1f98f(String)
2013-11-19 21:17:10,800 DEBUG [main] com.jiazu.web.shop.dao.AddressDao.getList(Slf4jImpl.java:47) - ooo Using Connection [jdbc:mysql://localhost/ShopDB, UserName=root@localhost, MySQL-AB JDBC Driver]
2013-11-19 21:17:10,801 DEBUG [main] com.jiazu.web.shop.dao.AddressDao.getList(Slf4jImpl.java:47) - ==>  Preparing: select `uid`,`createtime` , `useruid`, `consignee`, `email`, `province`, `city`, `district`, `address`, `zipcode`, `tel`, `mobile`, `type`, `updatetime` from b2caddress WHERE useruid = ? order by createtime 
2013-11-19 21:17:10,803 DEBUG [main] com.jiazu.web.shop.dao.AddressDao.getList(Slf4jImpl.java:47) - ==> Parameters: 93483b04795f48d0a70b1f9004c1f98f(String)
2013-11-19 21:17:10,809 DEBUG [main] com.jiazu.web.shop.dao.AddressDao.insert(Slf4jImpl.java:47) - ooo Using Connection [jdbc:mysql://localhost/ShopDB, UserName=root@localhost, MySQL-AB JDBC Driver]
2013-11-19 21:17:10,809 DEBUG [main] com.jiazu.web.shop.dao.AddressDao.insert(Slf4jImpl.java:47) - ==>  Preparing: insert into b2caddress ( `uid`,`createtime` , `useruid`, `consignee`, `email`, `province`, `city`, `district`, `address`, `zipcode`, `tel`, `mobile`, `type` ) values ( ?,?,?,?,?,?,?,?,?,?,?,?,? ) 
2013-11-19 21:17:10,810 DEBUG [main] com.jiazu.web.shop.dao.AddressDao.insert(Slf4jImpl.java:47) - ==> Parameters: 1d1549a0ec674978ba95064ac6deeb66(String), 2013-11-19 21:17:10.81(Timestamp), 93483b04795f48d0a70b1f9004c1f98f(String), 收货人姓名(String), asd@asd.com(String), 0(String), 0(String), 0(String), sdfff(String), aaaaa(String), 1655556665(String), (String), 1(String)
2013-11-19 21:17:10,814 DEBUG [main] com.jiazu.web.shop.dao.AddressDao.get(Slf4jImpl.java:47) - ooo Using Connection [jdbc:mysql://localhost/ShopDB, UserName=root@localhost, MySQL-AB JDBC Driver]
2013-11-19 21:17:10,814 DEBUG [main] com.jiazu.web.shop.dao.AddressDao.get(Slf4jImpl.java:47) - ==>  Preparing: select `uid`,`createtime` , `useruid`, `consignee`, `email`, `province`, `city`, `district`, `address`, `zipcode`, `tel`, `mobile`, `type`, `updatetime` from b2caddress where uid = ? 
2013-11-19 21:17:10,815 DEBUG [main] com.jiazu.web.shop.dao.AddressDao.get(Slf4jImpl.java:47) - ==> Parameters: 1d1549a0ec674978ba95064ac6deeb66(String)
2013-11-19 21:17:10,817 DEBUG [main] com.jiazu.web.shop.dao.AddressDao.delete(Slf4jImpl.java:47) - ooo Using Connection [jdbc:mysql://localhost/ShopDB, UserName=root@localhost, MySQL-AB JDBC Driver]
2013-11-19 21:17:10,817 DEBUG [main] com.jiazu.web.shop.dao.AddressDao.delete(Slf4jImpl.java:47) - ==>  Preparing: delete from b2caddress where uid = ? 
2013-11-19 21:17:10,818 DEBUG [main] com.jiazu.web.shop.dao.AddressDao.delete(Slf4jImpl.java:47) - ==> Parameters: 1d1549a0ec674978ba95064ac6deeb66(String)
2013-11-19 21:17:10,819 DEBUG [main] com.jiazu.web.shop.dao.AddressDao.get(Slf4jImpl.java:47) - ooo Using Connection [jdbc:mysql://localhost/ShopDB, UserName=root@localhost, MySQL-AB JDBC Driver]
2013-11-19 21:17:10,820 DEBUG [main] com.jiazu.web.shop.dao.AddressDao.get(Slf4jImpl.java:47) - ==>  Preparing: select `uid`,`createtime` , `useruid`, `consignee`, `email`, `province`, `city`, `district`, `address`, `zipcode`, `tel`, `mobile`, `type`, `updatetime` from b2caddress where uid = ? 
2013-11-19 21:17:10,820 DEBUG [main] com.jiazu.web.shop.dao.AddressDao.get(Slf4jImpl.java:47) - ==> Parameters: 1d1549a0ec674978ba95064ac6deeb66(String)
2013-11-19 21:17:10,822 DEBUG [main] com.jiazu.web.shop.dao.AddressDao.get(Slf4jImpl.java:47) - ooo Using Connection [jdbc:mysql://localhost/ShopDB, UserName=root@localhost, MySQL-AB JDBC Driver]
2013-11-19 21:17:10,822 DEBUG [main] com.jiazu.web.shop.dao.AddressDao.get(Slf4jImpl.java:47) - ==>  Preparing: select `uid`,`createtime` , `useruid`, `consignee`, `email`, `province`, `city`, `district`, `address`, `zipcode`, `tel`, `mobile`, `type`, `updatetime` from b2caddress where uid = ? 
2013-11-19 21:17:10,822 DEBUG [main] com.jiazu.web.shop.dao.AddressDao.get(Slf4jImpl.java:47) - ==> Parameters: 86883b04795f38d0a70b1f9004c1f989(String)
2013-11-19 21:17:10,826 DEBUG [main] com.jiazu.web.shop.dao.AddressDao.update(Slf4jImpl.java:47) - ooo Using Connection [jdbc:mysql://localhost/ShopDB, UserName=root@localhost, MySQL-AB JDBC Driver]
2013-11-19 21:17:10,826 DEBUG [main] com.jiazu.web.shop.dao.AddressDao.update(Slf4jImpl.java:47) - ==>  Preparing: update b2caddress set useruid = ? , consignee = ? , email = ?, province = ?, city = ?, district = ?, address = ? , zipcode = ?, tel = ?, mobile = ?, type = ? where uid = ? 
2013-11-19 21:17:10,827 DEBUG [main] com.jiazu.web.shop.dao.AddressDao.update(Slf4jImpl.java:47) - ==> Parameters: 93483b04795f48d0a70b1f9004c1f98f(String), 收件人(String), asd@ass.com(String), 1(String), 1(String), 1(String), 山东日照(String), 100086(String), 010-1230098890(String), 1920099909(String), 0(String), 86883b04795f38d0a70b1f9004c1f989(String)
2013-11-19 21:17:10,830 DEBUG [main] com.jiazu.web.shop.dao.AddressDao.get(Slf4jImpl.java:47) - ooo Using Connection [jdbc:mysql://localhost/ShopDB, UserName=root@localhost, MySQL-AB JDBC Driver]
2013-11-19 21:17:10,830 DEBUG [main] com.jiazu.web.shop.dao.AddressDao.get(Slf4jImpl.java:47) - ==>  Preparing: select `uid`,`createtime` , `useruid`, `consignee`, `email`, `province`, `city`, `district`, `address`, `zipcode`, `tel`, `mobile`, `type`, `updatetime` from b2caddress where uid = ? 
2013-11-19 21:17:10,831 DEBUG [main] com.jiazu.web.shop.dao.AddressDao.get(Slf4jImpl.java:47) - ==> Parameters: 86883b04795f38d0a70b1f9004c1f989(String)
2013-11-19 21:17:10,834 DEBUG [main] com.jiazu.web.shop.dao.AddressDao.updateFields(Slf4jImpl.java:47) - ooo Using Connection [jdbc:mysql://localhost/ShopDB, UserName=root@localhost, MySQL-AB JDBC Driver]
2013-11-19 21:17:10,835 DEBUG [main] com.jiazu.web.shop.dao.AddressDao.updateFields(Slf4jImpl.java:47) - ==>  Preparing: update b2caddress SET address = ? where uid = ? 
2013-11-19 21:17:10,835 DEBUG [main] com.jiazu.web.shop.dao.AddressDao.updateFields(Slf4jImpl.java:47) - ==> Parameters: 北京(String), 86883b04795f38d0a70b1f9004c1f989(String)
2013-11-19 21:17:10,837 DEBUG [main] com.jiazu.web.shop.dao.AddressDao.get(Slf4jImpl.java:47) - ooo Using Connection [jdbc:mysql://localhost/ShopDB, UserName=root@localhost, MySQL-AB JDBC Driver]
2013-11-19 21:17:10,837 DEBUG [main] com.jiazu.web.shop.dao.AddressDao.get(Slf4jImpl.java:47) - ==>  Preparing: select `uid`,`createtime` , `useruid`, `consignee`, `email`, `province`, `city`, `district`, `address`, `zipcode`, `tel`, `mobile`, `type`, `updatetime` from b2caddress where uid = ? 
2013-11-19 21:17:10,838 DEBUG [main] com.jiazu.web.shop.dao.AddressDao.get(Slf4jImpl.java:47) - ==> Parameters: 86883b04795f38d0a70b1f9004c1f989(String)
2013-11-19 21:17:10,852 DEBUG [main] com.jiazu.web.shop.dao.AdminDao.get(Slf4jImpl.java:47) - ooo Using Connection [jdbc:mysql://localhost/ShopDB, UserName=root@localhost, MySQL-AB JDBC Driver]
2013-11-19 21:17:10,853 DEBUG [main] com.jiazu.web.shop.dao.AdminDao.get(Slf4jImpl.java:47) - ==>  Preparing: select `uid`,`createtime` , `userid`, `email`, `password` from admin where uid = ? 
2013-11-19 21:17:10,856 DEBUG [main] com.jiazu.web.shop.dao.AdminDao.get(Slf4jImpl.java:47) - ==> Parameters: 86883b04795f38d0a70b1f9004c1f989(String)
2013-11-19 21:17:10,864 DEBUG [main] com.jiazu.web.shop.dao.AdminDao.getOne(Slf4jImpl.java:47) - ooo Using Connection [jdbc:mysql://localhost/ShopDB, UserName=root@localhost, MySQL-AB JDBC Driver]
2013-11-19 21:17:10,865 DEBUG [main] com.jiazu.web.shop.dao.AdminDao.getOne(Slf4jImpl.java:47) - ==>  Preparing: select `uid`,`createtime` , `userid`, `email`, `password` from admin WHERE userid = ? LIMIT 0,1 
2013-11-19 21:17:10,866 DEBUG [main] com.jiazu.web.shop.dao.AdminDao.getOne(Slf4jImpl.java:47) - ==> Parameters: admin(String)
2013-11-19 21:17:10,870 DEBUG [main] com.jiazu.web.shop.dao.AdminDao.getList(Slf4jImpl.java:47) - ooo Using Connection [jdbc:mysql://localhost/ShopDB, UserName=root@localhost, MySQL-AB JDBC Driver]
2013-11-19 21:17:10,871 DEBUG [main] com.jiazu.web.shop.dao.AdminDao.getList(Slf4jImpl.java:47) - ==>  Preparing: select `uid`,`createtime` , `userid`, `email`, `password` from admin WHERE userid = ? order by createtime 
2013-11-19 21:17:10,871 DEBUG [main] com.jiazu.web.shop.dao.AdminDao.getList(Slf4jImpl.java:47) - ==> Parameters: admin(String)
2013-11-19 21:17:10,875 DEBUG [main] com.jiazu.web.shop.dao.AdminDao.insert(Slf4jImpl.java:47) - ooo Using Connection [jdbc:mysql://localhost/ShopDB, UserName=root@localhost, MySQL-AB JDBC Driver]
2013-11-19 21:17:10,875 DEBUG [main] com.jiazu.web.shop.dao.AdminDao.insert(Slf4jImpl.java:47) - ==>  Preparing: insert into admin ( `uid`,`createtime` , `userid`, `email`, `password` ) values ( ?,?,?,?,? ) 
2013-11-19 21:17:10,876 DEBUG [main] com.jiazu.web.shop.dao.AdminDao.insert(Slf4jImpl.java:47) - ==> Parameters: 290410dcfcc14d0f9533f1d778cb1145(String), 2013-11-19 21:17:10.876(Timestamp), e52060da19c54e9b9827e483eca8de96(String), asd.@asd.com(String), e10adc3949ba59abbe56e057f20f883e(String)
2013-11-19 21:17:10,878 DEBUG [main] com.jiazu.web.shop.dao.AdminDao.get(Slf4jImpl.java:47) - ooo Using Connection [jdbc:mysql://localhost/ShopDB, UserName=root@localhost, MySQL-AB JDBC Driver]
2013-11-19 21:17:10,879 DEBUG [main] com.jiazu.web.shop.dao.AdminDao.get(Slf4jImpl.java:47) - ==>  Preparing: select `uid`,`createtime` , `userid`, `email`, `password` from admin where uid = ? 
2013-11-19 21:17:10,879 DEBUG [main] com.jiazu.web.shop.dao.AdminDao.get(Slf4jImpl.java:47) - ==> Parameters: 290410dcfcc14d0f9533f1d778cb1145(String)
2013-11-19 21:17:10,881 DEBUG [main] com.jiazu.web.shop.dao.AdminDao.delete(Slf4jImpl.java:47) - ooo Using Connection [jdbc:mysql://localhost/ShopDB, UserName=root@localhost, MySQL-AB JDBC Driver]
2013-11-19 21:17:10,881 DEBUG [main] com.jiazu.web.shop.dao.AdminDao.delete(Slf4jImpl.java:47) - ==>  Preparing: delete from admin where uid = ? 
2013-11-19 21:17:10,882 DEBUG [main] com.jiazu.web.shop.dao.AdminDao.delete(Slf4jImpl.java:47) - ==> Parameters: 290410dcfcc14d0f9533f1d778cb1145(String)
2013-11-19 21:17:10,883 DEBUG [main] com.jiazu.web.shop.dao.AdminDao.get(Slf4jImpl.java:47) - ooo Using Connection [jdbc:mysql://localhost/ShopDB, UserName=root@localhost, MySQL-AB JDBC Driver]
2013-11-19 21:17:10,884 DEBUG [main] com.jiazu.web.shop.dao.AdminDao.get(Slf4jImpl.java:47) - ==>  Preparing: select `uid`,`createtime` , `userid`, `email`, `password` from admin where uid = ? 
2013-11-19 21:17:10,884 DEBUG [main] com.jiazu.web.shop.dao.AdminDao.get(Slf4jImpl.java:47) - ==> Parameters: 290410dcfcc14d0f9533f1d778cb1145(String)
2013-11-19 21:17:10,885 DEBUG [main] com.jiazu.web.shop.dao.AdminDao.get(Slf4jImpl.java:47) - ooo Using Connection [jdbc:mysql://localhost/ShopDB, UserName=root@localhost, MySQL-AB JDBC Driver]
2013-11-19 21:17:10,886 DEBUG [main] com.jiazu.web.shop.dao.AdminDao.get(Slf4jImpl.java:47) - ==>  Preparing: select `uid`,`createtime` , `userid`, `email`, `password` from admin where uid = ? 
2013-11-19 21:17:10,886 DEBUG [main] com.jiazu.web.shop.dao.AdminDao.get(Slf4jImpl.java:47) - ==> Parameters: 86883b04795f38d0a70b1f9004c1f989(String)
2013-11-19 21:17:10,887 DEBUG [main] com.jiazu.web.shop.dao.AdminDao.update(Slf4jImpl.java:47) - ooo Using Connection [jdbc:mysql://localhost/ShopDB, UserName=root@localhost, MySQL-AB JDBC Driver]
2013-11-19 21:17:10,888 DEBUG [main] com.jiazu.web.shop.dao.AdminDao.update(Slf4jImpl.java:47) - ==>  Preparing: update admin set userid = ? , email = ? , password = ? where uid = ? 
2013-11-19 21:17:10,893 DEBUG [main] com.jiazu.web.shop.dao.AdminDao.update(Slf4jImpl.java:47) - ==> Parameters: admin(String), greatbsky@163.com(String), e10adc3949ba59abbe56e057f20f883e(String), 86883b04795f38d0a70b1f9004c1f989(String)
2013-11-19 21:17:10,895 DEBUG [main] com.jiazu.web.shop.dao.AdminDao.get(Slf4jImpl.java:47) - ooo Using Connection [jdbc:mysql://localhost/ShopDB, UserName=root@localhost, MySQL-AB JDBC Driver]
2013-11-19 21:17:10,895 DEBUG [main] com.jiazu.web.shop.dao.AdminDao.get(Slf4jImpl.java:47) - ==>  Preparing: select `uid`,`createtime` , `userid`, `email`, `password` from admin where uid = ? 
2013-11-19 21:17:10,896 DEBUG [main] com.jiazu.web.shop.dao.AdminDao.get(Slf4jImpl.java:47) - ==> Parameters: 86883b04795f38d0a70b1f9004c1f989(String)
2013-11-19 21:17:10,898 DEBUG [main] com.jiazu.web.shop.dao.AdminDao.updateFields(Slf4jImpl.java:47) - ooo Using Connection [jdbc:mysql://localhost/ShopDB, UserName=root@localhost, MySQL-AB JDBC Driver]
2013-11-19 21:17:10,898 DEBUG [main] com.jiazu.web.shop.dao.AdminDao.updateFields(Slf4jImpl.java:47) - ==>  Preparing: update admin SET password = ? where uid = ? 
2013-11-19 21:17:10,898 DEBUG [main] com.jiazu.web.shop.dao.AdminDao.updateFields(Slf4jImpl.java:47) - ==> Parameters: e10adc3949ba59abbe56e057f20f883e(String), 86883b04795f38d0a70b1f9004c1f989(String)
2013-11-19 21:17:10,900 DEBUG [main] com.jiazu.web.shop.dao.AdminDao.get(Slf4jImpl.java:47) - ooo Using Connection [jdbc:mysql://localhost/ShopDB, UserName=root@localhost, MySQL-AB JDBC Driver]
2013-11-19 21:17:10,901 DEBUG [main] com.jiazu.web.shop.dao.AdminDao.get(Slf4jImpl.java:47) - ==>  Preparing: select `uid`,`createtime` , `userid`, `email`, `password` from admin where uid = ? 
2013-11-19 21:17:10,901 DEBUG [main] com.jiazu.web.shop.dao.AdminDao.get(Slf4jImpl.java:47) - ==> Parameters: 86883b04795f38d0a70b1f9004c1f989(String)
2013-11-19 21:17:10,910 DEBUG [main] com.jiazu.web.shop.dao.B2CDao.get(Slf4jImpl.java:47) - ooo Using Connection [jdbc:mysql://localhost/ShopDB, UserName=root@localhost, MySQL-AB JDBC Driver]
2013-11-19 21:17:10,911 DEBUG [main] com.jiazu.web.shop.dao.B2CDao.get(Slf4jImpl.java:47) - ==>  Preparing: select `uid`,`createtime` , `catuid`, `sn`, `name`, `number`, `weight`, `marketprice`, `shopprice`, `shippingfee`, `keywords`, `brief`, `desc`, `thumb`, `littlethumb`, `rate`, `sortorder`, `isonsale`, `isbest`, `isnew`, `istop`, `ishot`, `type`, `showtype`, `sellcount`, `buyercount`, `clickcount`, `updatetime` from b2c where uid = ? 
2013-11-19 21:17:10,911 DEBUG [main] com.jiazu.web.shop.dao.B2CDao.get(Slf4jImpl.java:47) - ==> Parameters: 86883b04795f38d0a70b1f9004c1f989(String)
2013-11-19 21:17:10,917 DEBUG [main] com.jiazu.web.shop.dao.B2CDao.getOne(Slf4jImpl.java:47) - ooo Using Connection [jdbc:mysql://localhost/ShopDB, UserName=root@localhost, MySQL-AB JDBC Driver]
2013-11-19 21:17:10,918 DEBUG [main] com.jiazu.web.shop.dao.B2CDao.getOne(Slf4jImpl.java:47) - ==>  Preparing: select `uid`,`createtime` , `catuid`, `sn`, `name`, `number`, `weight`, `marketprice`, `shopprice`, `shippingfee`, `keywords`, `brief`, `desc`, `thumb`, `littlethumb`, `rate`, `sortorder`, `isonsale`, `isbest`, `isnew`, `istop`, `ishot`, `type`, `showtype`, `sellcount`, `buyercount`, `clickcount`, `updatetime` from b2c WHERE sn = ? LIMIT 0,1 
2013-11-19 21:17:10,918 DEBUG [main] com.jiazu.web.shop.dao.B2CDao.getOne(Slf4jImpl.java:47) - ==> Parameters: d064a2fee9bb11e1b4b000fff2ed3093(String)
2013-11-19 21:17:10,924 DEBUG [main] com.jiazu.web.shop.dao.B2CDao.getList(Slf4jImpl.java:47) - ooo Using Connection [jdbc:mysql://localhost/ShopDB, UserName=root@localhost, MySQL-AB JDBC Driver]
2013-11-19 21:17:10,925 DEBUG [main] com.jiazu.web.shop.dao.B2CDao.getList(Slf4jImpl.java:47) - ==>  Preparing: select `uid`,`createtime` , `catuid`, `sn`, `name`, `number`, `weight`, `marketprice`, `shopprice`, `shippingfee`, `keywords`, `brief`, `desc`, `thumb`, `littlethumb`, `rate`, `sortorder`, `isonsale`, `isbest`, `isnew`, `istop`, `ishot`, `type`, `showtype`, `sellcount`, `buyercount`, `clickcount`, `updatetime` from b2c WHERE sn = ? order by createtime 
2013-11-19 21:17:10,926 DEBUG [main] com.jiazu.web.shop.dao.B2CDao.getList(Slf4jImpl.java:47) - ==> Parameters: d064a2fee9bb11e1b4b000fff2ed3093(String)
2013-11-19 21:17:10,930 DEBUG [main] com.jiazu.web.shop.dao.B2CDao.insert(Slf4jImpl.java:47) - ooo Using Connection [jdbc:mysql://localhost/ShopDB, UserName=root@localhost, MySQL-AB JDBC Driver]
2013-11-19 21:17:10,931 DEBUG [main] com.jiazu.web.shop.dao.B2CDao.insert(Slf4jImpl.java:47) - ==>  Preparing: insert into b2c ( `uid`,`createtime` ,`catuid`, `sn`, `name`, `number`, `weight`, `marketprice`, `shopprice`, `shippingfee`, `keywords`, `brief`, `desc`, `thumb`, `littlethumb`, `rate`, `sortorder`, `isonsale`, `isbest`, `isnew`, `istop`, `ishot`, `type`, `showtype`, `sellcount`, `buyercount`, `clickcount` ) values ( ?,?,?,?,?,?,?,?,?,?,?,?,?,?,?,?,?,?,?,?,?,?,?,?,?,?,? ) 
2013-11-19 21:17:10,933 DEBUG [main] com.jiazu.web.shop.dao.B2CDao.insert(Slf4jImpl.java:47) - ==> Parameters: 40bc1f3522c24a898344edbe9ee7b57d(String), 2013-11-19 21:17:10.932(Timestamp), 93483b04795f48d0a70b1f9004c1f98f(String), kh7yytz8(String), Windows 7家庭普通版 操作系统 销量先锋，惊喜特卖！(String), 12(Integer), 2.1(Double), 154.0(Double), 39.0(Double), 4.33(Double), 乔布斯(String), 传记(String), 描述(String), asdthunmb.jpg(String), asdthunmb.jpg(String), 2.6(Double), 122(Integer), false(Boolean), true(Boolean), false(Boolean), false(Boolean), false(Boolean), 3(String), -1(String), 0(Integer), 11(Integer), 0(Integer)
2013-11-19 21:17:10,936 DEBUG [main] com.jiazu.web.shop.dao.B2CDao.get(Slf4jImpl.java:47) - ooo Using Connection [jdbc:mysql://localhost/ShopDB, UserName=root@localhost, MySQL-AB JDBC Driver]
2013-11-19 21:17:10,936 DEBUG [main] com.jiazu.web.shop.dao.B2CDao.get(Slf4jImpl.java:47) - ==>  Preparing: select `uid`,`createtime` , `catuid`, `sn`, `name`, `number`, `weight`, `marketprice`, `shopprice`, `shippingfee`, `keywords`, `brief`, `desc`, `thumb`, `littlethumb`, `rate`, `sortorder`, `isonsale`, `isbest`, `isnew`, `istop`, `ishot`, `type`, `showtype`, `sellcount`, `buyercount`, `clickcount`, `updatetime` from b2c where uid = ? 
2013-11-19 21:17:10,937 DEBUG [main] com.jiazu.web.shop.dao.B2CDao.get(Slf4jImpl.java:47) - ==> Parameters: 40bc1f3522c24a898344edbe9ee7b57d(String)
2013-11-19 21:17:10,941 DEBUG [main] com.jiazu.web.shop.dao.B2CDao.insert(Slf4jImpl.java:47) - ooo Using Connection [jdbc:mysql://localhost/ShopDB, UserName=root@localhost, MySQL-AB JDBC Driver]
2013-11-19 21:17:10,941 DEBUG [main] com.jiazu.web.shop.dao.B2CDao.insert(Slf4jImpl.java:47) - ==>  Preparing: insert into b2c ( `uid`,`createtime` ,`catuid`, `sn`, `name`, `number`, `weight`, `marketprice`, `shopprice`, `shippingfee`, `keywords`, `brief`, `desc`, `thumb`, `littlethumb`, `rate`, `sortorder`, `isonsale`, `isbest`, `isnew`, `istop`, `ishot`, `type`, `showtype`, `sellcount`, `buyercount`, `clickcount` ) values ( ?,?,?,?,?,?,?,?,?,?,?,?,?,?,?,?,?,?,?,?,?,?,?,?,?,?,? ) 
2013-11-19 21:17:10,942 DEBUG [main] com.jiazu.web.shop.dao.B2CDao.insert(Slf4jImpl.java:47) - ==> Parameters: 106eecb183d54ae09a6a4ea06ca2f190(String), 2013-11-19 21:17:10.942(Timestamp), 93483b04795f48d0a70b1f9004c1f98f(String), 9gl1kphb(String), Windows 7家庭普通版 操作系统 销量先锋，惊喜特卖！(String), 12(Integer), 2.1(Double), 154.0(Double), 39.0(Double), 4.33(Double), 乔布斯(String), 传记(String), 描述(String), asdthunmb.jpg(String), asdthunmb.jpg(String), 2.6(Double), 122(Integer), false(Boolean), true(Boolean), false(Boolean), false(Boolean), false(Boolean), 3(String), -1(String), 0(Integer), 11(Integer), 0(Integer)
2013-11-19 21:17:10,944 DEBUG [main] com.jiazu.web.shop.dao.B2CDao.get(Slf4jImpl.java:47) - ooo Using Connection [jdbc:mysql://localhost/ShopDB, UserName=root@localhost, MySQL-AB JDBC Driver]
2013-11-19 21:17:10,945 DEBUG [main] com.jiazu.web.shop.dao.B2CDao.get(Slf4jImpl.java:47) - ==>  Preparing: select `uid`,`createtime` , `catuid`, `sn`, `name`, `number`, `weight`, `marketprice`, `shopprice`, `shippingfee`, `keywords`, `brief`, `desc`, `thumb`, `littlethumb`, `rate`, `sortorder`, `isonsale`, `isbest`, `isnew`, `istop`, `ishot`, `type`, `showtype`, `sellcount`, `buyercount`, `clickcount`, `updatetime` from b2c where uid = ? 
2013-11-19 21:17:10,945 DEBUG [main] com.jiazu.web.shop.dao.B2CDao.get(Slf4jImpl.java:47) - ==> Parameters: 106eecb183d54ae09a6a4ea06ca2f190(String)
2013-11-19 21:17:10,949 DEBUG [main] com.jiazu.web.shop.dao.B2CDao.insert(Slf4jImpl.java:47) - ooo Using Connection [jdbc:mysql://localhost/ShopDB, UserName=root@localhost, MySQL-AB JDBC Driver]
2013-11-19 21:17:10,949 DEBUG [main] com.jiazu.web.shop.dao.B2CDao.insert(Slf4jImpl.java:47) - ==>  Preparing: insert into b2c ( `uid`,`createtime` ,`catuid`, `sn`, `name`, `number`, `weight`, `marketprice`, `shopprice`, `shippingfee`, `keywords`, `brief`, `desc`, `thumb`, `littlethumb`, `rate`, `sortorder`, `isonsale`, `isbest`, `isnew`, `istop`, `ishot`, `type`, `showtype`, `sellcount`, `buyercount`, `clickcount` ) values ( ?,?,?,?,?,?,?,?,?,?,?,?,?,?,?,?,?,?,?,?,?,?,?,?,?,?,? ) 
2013-11-19 21:17:10,950 DEBUG [main] com.jiazu.web.shop.dao.B2CDao.insert(Slf4jImpl.java:47) - ==> Parameters: eee93490761f41b5bda313522a24de87(String), 2013-11-19 21:17:10.949(Timestamp), 93483b04795f48d0a70b1f9004c1f98f(String), f3w7clsb(String), Windows 7家庭普通版 操作系统 销量先锋，惊喜特卖！(String), 12(Integer), 2.1(Double), 154.0(Double), 39.0(Double), 4.33(Double), 乔布斯(String), 传记(String), 描述(String), asdthunmb.jpg(String), asdthunmb.jpg(String), 2.6(Double), 122(Integer), false(Boolean), true(Boolean), false(Boolean), false(Boolean), false(Boolean), 3(String), -1(String), 0(Integer), 11(Integer), 0(Integer)
2013-11-19 21:17:10,953 DEBUG [main] com.jiazu.web.shop.dao.B2CDao.get(Slf4jImpl.java:47) - ooo Using Connection [jdbc:mysql://localhost/ShopDB, UserName=root@localhost, MySQL-AB JDBC Driver]
2013-11-19 21:17:10,953 DEBUG [main] com.jiazu.web.shop.dao.B2CDao.get(Slf4jImpl.java:47) - ==>  Preparing: select `uid`,`createtime` , `catuid`, `sn`, `name`, `number`, `weight`, `marketprice`, `shopprice`, `shippingfee`, `keywords`, `brief`, `desc`, `thumb`, `littlethumb`, `rate`, `sortorder`, `isonsale`, `isbest`, `isnew`, `istop`, `ishot`, `type`, `showtype`, `sellcount`, `buyercount`, `clickcount`, `updatetime` from b2c where uid = ? 
2013-11-19 21:17:10,954 DEBUG [main] com.jiazu.web.shop.dao.B2CDao.get(Slf4jImpl.java:47) - ==> Parameters: eee93490761f41b5bda313522a24de87(String)
2013-11-19 21:17:10,958 DEBUG [main] com.jiazu.web.shop.dao.B2CDao.get(Slf4jImpl.java:47) - ooo Using Connection [jdbc:mysql://localhost/ShopDB, UserName=root@localhost, MySQL-AB JDBC Driver]
2013-11-19 21:17:10,958 DEBUG [main] com.jiazu.web.shop.dao.B2CDao.get(Slf4jImpl.java:47) - ==>  Preparing: select `uid`,`createtime` , `catuid`, `sn`, `name`, `number`, `weight`, `marketprice`, `shopprice`, `shippingfee`, `keywords`, `brief`, `desc`, `thumb`, `littlethumb`, `rate`, `sortorder`, `isonsale`, `isbest`, `isnew`, `istop`, `ishot`, `type`, `showtype`, `sellcount`, `buyercount`, `clickcount`, `updatetime` from b2c where uid = ? 
2013-11-19 21:17:10,958 DEBUG [main] com.jiazu.web.shop.dao.B2CDao.get(Slf4jImpl.java:47) - ==> Parameters: 86883b04795f38d0a70b1f9004c1f989(String)
2013-11-19 21:17:10,961 DEBUG [main] com.jiazu.web.shop.dao.B2CDao.update(Slf4jImpl.java:47) - ooo Using Connection [jdbc:mysql://localhost/ShopDB, UserName=root@localhost, MySQL-AB JDBC Driver]
2013-11-19 21:17:10,962 DEBUG [main] com.jiazu.web.shop.dao.B2CDao.update(Slf4jImpl.java:47) - ==>  Preparing: update b2c set catuid = ? , sn = ? , name = ? , isonsale = ? , isbest = ? , isnew = ? , istop = ? , ishot = ? ,number = ?, weight = ?, marketprice = ?, shopprice = ?, shippingfee = ?, keywords = ?, brief = ?, `desc` = ?, thumb = ?, littlethumb = ?, rate = ?, sortorder = ?, type = ? , showtype = ? , sellcount = ?, buyercount = ?, clickcount = ? where uid = ? 
2013-11-19 21:17:10,962 DEBUG [main] com.jiazu.web.shop.dao.B2CDao.update(Slf4jImpl.java:47) - ==> Parameters: 93483b04795f48d0a70b1f9004c1f98f(String), d064a2fee9bb11e1b4b000fff2ed3093(String), 好多村(String), true(Boolean), true(Boolean), false(Boolean), true(Boolean), true(Boolean), 150(Integer), 1.03(Double), 6899.0(Double), 6699.0(Double), 10.0(Double), D90 尼康(String), 尼康突破性的场景识别系统首次应用于 D3 和 D300 这两款旗舰级相机，如今这一系统也配备于 D90 之中(String), 通过对来自 420 区 RGB 感应器的色彩和亮度信息加以利用，D90 提供惊人的自动对焦准确度。在自动区域自动对焦模式下拍摄时，相机可以通过侦测前景、背景和拍摄对象位置，对主要拍摄对象进行快速对焦(String), /imgs/webimgs/edu1.gif(String), /imgs/webimgs/edu1.gif(String), 0.9(Double), 122(Integer), 0(String), -1(String), 109(Integer), 102(Integer), 1337(Integer), 86883b04795f38d0a70b1f9004c1f989(String)
2013-11-19 21:17:10,964 DEBUG [main] com.jiazu.web.shop.dao.B2CDao.get(Slf4jImpl.java:47) - ooo Using Connection [jdbc:mysql://localhost/ShopDB, UserName=root@localhost, MySQL-AB JDBC Driver]
2013-11-19 21:17:10,964 DEBUG [main] com.jiazu.web.shop.dao.B2CDao.get(Slf4jImpl.java:47) - ==>  Preparing: select `uid`,`createtime` , `catuid`, `sn`, `name`, `number`, `weight`, `marketprice`, `shopprice`, `shippingfee`, `keywords`, `brief`, `desc`, `thumb`, `littlethumb`, `rate`, `sortorder`, `isonsale`, `isbest`, `isnew`, `istop`, `ishot`, `type`, `showtype`, `sellcount`, `buyercount`, `clickcount`, `updatetime` from b2c where uid = ? 
2013-11-19 21:17:10,965 DEBUG [main] com.jiazu.web.shop.dao.B2CDao.get(Slf4jImpl.java:47) - ==> Parameters: 86883b04795f38d0a70b1f9004c1f989(String)
2013-11-19 21:17:10,968 DEBUG [main] com.jiazu.web.shop.dao.B2CDao.updateFields(Slf4jImpl.java:47) - ooo Using Connection [jdbc:mysql://localhost/ShopDB, UserName=root@localhost, MySQL-AB JDBC Driver]
2013-11-19 21:17:10,969 DEBUG [main] com.jiazu.web.shop.dao.B2CDao.updateFields(Slf4jImpl.java:47) - ==>  Preparing: update b2c SET name = ? where uid = ? 
2013-11-19 21:17:10,969 DEBUG [main] com.jiazu.web.shop.dao.B2CDao.updateFields(Slf4jImpl.java:47) - ==> Parameters: 好多村(String), 86883b04795f38d0a70b1f9004c1f989(String)
2013-11-19 21:17:10,971 DEBUG [main] com.jiazu.web.shop.dao.B2CDao.get(Slf4jImpl.java:47) - ooo Using Connection [jdbc:mysql://localhost/ShopDB, UserName=root@localhost, MySQL-AB JDBC Driver]
2013-11-19 21:17:10,971 DEBUG [main] com.jiazu.web.shop.dao.B2CDao.get(Slf4jImpl.java:47) - ==>  Preparing: select `uid`,`createtime` , `catuid`, `sn`, `name`, `number`, `weight`, `marketprice`, `shopprice`, `shippingfee`, `keywords`, `brief`, `desc`, `thumb`, `littlethumb`, `rate`, `sortorder`, `isonsale`, `isbest`, `isnew`, `istop`, `ishot`, `type`, `showtype`, `sellcount`, `buyercount`, `clickcount`, `updatetime` from b2c where uid = ? 
2013-11-19 21:17:10,971 DEBUG [main] com.jiazu.web.shop.dao.B2CDao.get(Slf4jImpl.java:47) - ==> Parameters: 86883b04795f38d0a70b1f9004c1f989(String)
2013-11-19 21:17:10,983 DEBUG [main] com.jiazu.web.shop.dao.C2CDao.get(Slf4jImpl.java:47) - ooo Using Connection [jdbc:mysql://localhost/ShopDB, UserName=root@localhost, MySQL-AB JDBC Driver]
2013-11-19 21:17:10,983 DEBUG [main] com.jiazu.web.shop.dao.C2CDao.get(Slf4jImpl.java:47) - ==>  Preparing: select `uid`,`createtime` , `groupuid`, `useruid`, `sn`, `name`, `number`, `price`, `desc`, `contactname`, `telephone`, `qq`, `address`, `littlethumb`, `thumb`, `bigthumb`, `img`, `originalimg`, `newrate`, `sortorder`, `isbest`, `istop`, `ishot`, `type`, `status`, `updatetime` from c2c where uid = ? 
2013-11-19 21:17:10,983 DEBUG [main] com.jiazu.web.shop.dao.C2CDao.get(Slf4jImpl.java:47) - ==> Parameters: 86883b04795f38d0a70b1f9004c1f989(String)
2013-11-19 21:17:10,987 DEBUG [main] com.jiazu.web.shop.dao.C2CDao.getOne(Slf4jImpl.java:47) - ooo Using Connection [jdbc:mysql://localhost/ShopDB, UserName=root@localhost, MySQL-AB JDBC Driver]
2013-11-19 21:17:10,987 DEBUG [main] com.jiazu.web.shop.dao.C2CDao.getOne(Slf4jImpl.java:47) - ==>  Preparing: select `uid`,`createtime` , `groupuid`, `useruid`, `sn`, `name`, `number`, `price`, `desc`, `contactname`, `telephone`, `qq`, `address`, `littlethumb`, `thumb`, `bigthumb`, `img`, `originalimg`, `newrate`, `sortorder`, `isbest`, `istop`, `ishot`, `type`, `status`, `updatetime` from c2c WHERE useruid = ? LIMIT 0,1 
2013-11-19 21:17:10,987 DEBUG [main] com.jiazu.web.shop.dao.C2CDao.getOne(Slf4jImpl.java:47) - ==> Parameters: 93483b04795f48d0a70b1f9004c1f98f(String)
2013-11-19 21:17:10,992 DEBUG [main] com.jiazu.web.shop.dao.C2CDao.getList(Slf4jImpl.java:47) - ooo Using Connection [jdbc:mysql://localhost/ShopDB, UserName=root@localhost, MySQL-AB JDBC Driver]
2013-11-19 21:17:10,992 DEBUG [main] com.jiazu.web.shop.dao.C2CDao.getList(Slf4jImpl.java:47) - ==>  Preparing: select `uid`,`createtime` , `groupuid`, `useruid`, `sn`, `name`, `number`, `price`, `desc`, `contactname`, `telephone`, `qq`, `address`, `littlethumb`, `thumb`, `bigthumb`, `img`, `originalimg`, `newrate`, `sortorder`, `isbest`, `istop`, `ishot`, `type`, `status`, `updatetime` from c2c WHERE useruid = ? order by createtime 
2013-11-19 21:17:10,993 DEBUG [main] com.jiazu.web.shop.dao.C2CDao.getList(Slf4jImpl.java:47) - ==> Parameters: 93483b04795f48d0a70b1f9004c1f98f(String)
2013-11-19 21:17:11,003 DEBUG [main] com.jiazu.web.shop.dao.C2CDao.insert(Slf4jImpl.java:47) - ooo Using Connection [jdbc:mysql://localhost/ShopDB, UserName=root@localhost, MySQL-AB JDBC Driver]
2013-11-19 21:17:11,004 DEBUG [main] com.jiazu.web.shop.dao.C2CDao.insert(Slf4jImpl.java:47) - ==>  Preparing: insert into c2c ( `uid`,`createtime` , `groupuid`, `useruid`, `sn`, `name`, `number`, `price`, `desc`, `contactname`, `telephone`, `qq`, `address`, `littlethumb`, `thumb`, `bigthumb`, `img`, `originalimg`, `newrate`, `sortorder`, `isbest`, `istop`, `ishot`, `type`, `status` ) values ( ?,?,?,?,?,?,?,?,?,?,?,?,?,?,?,?,?,?,?,?,?,?,?,?, ? ) 
2013-11-19 21:17:11,005 DEBUG [main] com.jiazu.web.shop.dao.C2CDao.insert(Slf4jImpl.java:47) - ==> Parameters: d1241995de544d778bf788bc6ed35c11(String), 2013-11-19 21:17:11.004(Timestamp), null, 93483b04795f48d0a70b1f9004c1f98f(String), csycxa(String), 电动车(String), 12(Integer), 15.68(Double), ..asdff.....(String), 蔚儿(String), 12464455666(String), null, null, asdd(String), asdd(String), asdd(String), null, null, 0.0(Double), 0(Integer), true(Boolean), false(Boolean), false(Boolean), 0(String), 1(String)
2013-11-19 21:17:11,010 DEBUG [main] com.jiazu.web.shop.dao.C2CDao.get(Slf4jImpl.java:47) - ooo Using Connection [jdbc:mysql://localhost/ShopDB, UserName=root@localhost, MySQL-AB JDBC Driver]
2013-11-19 21:17:11,010 DEBUG [main] com.jiazu.web.shop.dao.C2CDao.get(Slf4jImpl.java:47) - ==>  Preparing: select `uid`,`createtime` , `groupuid`, `useruid`, `sn`, `name`, `number`, `price`, `desc`, `contactname`, `telephone`, `qq`, `address`, `littlethumb`, `thumb`, `bigthumb`, `img`, `originalimg`, `newrate`, `sortorder`, `isbest`, `istop`, `ishot`, `type`, `status`, `updatetime` from c2c where uid = ? 
2013-11-19 21:17:11,011 DEBUG [main] com.jiazu.web.shop.dao.C2CDao.get(Slf4jImpl.java:47) - ==> Parameters: d1241995de544d778bf788bc6ed35c11(String)
2013-11-19 21:17:11,015 DEBUG [main] com.jiazu.web.shop.dao.C2CDao.delete(Slf4jImpl.java:47) - ooo Using Connection [jdbc:mysql://localhost/ShopDB, UserName=root@localhost, MySQL-AB JDBC Driver]
2013-11-19 21:17:11,015 DEBUG [main] com.jiazu.web.shop.dao.C2CDao.delete(Slf4jImpl.java:47) - ==>  Preparing: delete from c2c where uid = ? 
2013-11-19 21:17:11,016 DEBUG [main] com.jiazu.web.shop.dao.C2CDao.delete(Slf4jImpl.java:47) - ==> Parameters: d1241995de544d778bf788bc6ed35c11(String)
2013-11-19 21:17:11,018 DEBUG [main] com.jiazu.web.shop.dao.C2CDao.get(Slf4jImpl.java:47) - ooo Using Connection [jdbc:mysql://localhost/ShopDB, UserName=root@localhost, MySQL-AB JDBC Driver]
2013-11-19 21:17:11,018 DEBUG [main] com.jiazu.web.shop.dao.C2CDao.get(Slf4jImpl.java:47) - ==>  Preparing: select `uid`,`createtime` , `groupuid`, `useruid`, `sn`, `name`, `number`, `price`, `desc`, `contactname`, `telephone`, `qq`, `address`, `littlethumb`, `thumb`, `bigthumb`, `img`, `originalimg`, `newrate`, `sortorder`, `isbest`, `istop`, `ishot`, `type`, `status`, `updatetime` from c2c where uid = ? 
2013-11-19 21:17:11,019 DEBUG [main] com.jiazu.web.shop.dao.C2CDao.get(Slf4jImpl.java:47) - ==> Parameters: d1241995de544d778bf788bc6ed35c11(String)
2013-11-19 21:17:11,021 DEBUG [main] com.jiazu.web.shop.dao.C2CDao.get(Slf4jImpl.java:47) - ooo Using Connection [jdbc:mysql://localhost/ShopDB, UserName=root@localhost, MySQL-AB JDBC Driver]
2013-11-19 21:17:11,021 DEBUG [main] com.jiazu.web.shop.dao.C2CDao.get(Slf4jImpl.java:47) - ==>  Preparing: select `uid`,`createtime` , `groupuid`, `useruid`, `sn`, `name`, `number`, `price`, `desc`, `contactname`, `telephone`, `qq`, `address`, `littlethumb`, `thumb`, `bigthumb`, `img`, `originalimg`, `newrate`, `sortorder`, `isbest`, `istop`, `ishot`, `type`, `status`, `updatetime` from c2c where uid = ? 
2013-11-19 21:17:11,021 DEBUG [main] com.jiazu.web.shop.dao.C2CDao.get(Slf4jImpl.java:47) - ==> Parameters: 86883b04795f38d0a70b1f9004c1f989(String)
2013-11-19 21:17:11,025 DEBUG [main] com.jiazu.web.shop.dao.C2CDao.update(Slf4jImpl.java:47) - ooo Using Connection [jdbc:mysql://localhost/ShopDB, UserName=root@localhost, MySQL-AB JDBC Driver]
2013-11-19 21:17:11,025 DEBUG [main] com.jiazu.web.shop.dao.C2CDao.update(Slf4jImpl.java:47) - ==>  Preparing: update c2c set groupuid = ? , useruid = ? , sn = ? , type = ? , isbest = ? , istop = ? , ishot = ? , name = ? ,number = ?, price = ? , `desc` = ? , contactname = ? , telephone = ? , qq = ? , address = ? , littlethumb = ? , thumb = ? , bigthumb = ? , img = ? , originalimg = ? , newrate = ? , sortorder = ? , status = ? where uid = ? 
2013-11-19 21:17:11,027 DEBUG [main] com.jiazu.web.shop.dao.C2CDao.update(Slf4jImpl.java:47) - ==> Parameters: null, 93483b04795f48d0a70b1f9004c1f98f(String), d064a2fee9bb11e1b4b000fff2ed3093(String), 0(String), false(Boolean), false(Boolean), true(Boolean), 闪迪闪存(String), 1(Integer), 100.56(Double), 描述(String), 联系人(String), 010-9099090(String), 89998889(String), 北京海淀(String), jsda.jpg(String), jsda.jpg(String), jsda.jpg(String), img.png(String), origjg.img(String), 0.9(Double), 12(Integer), 1(String), 86883b04795f38d0a70b1f9004c1f989(String)
2013-11-19 21:17:11,029 DEBUG [main] com.jiazu.web.shop.dao.C2CDao.get(Slf4jImpl.java:47) - ooo Using Connection [jdbc:mysql://localhost/ShopDB, UserName=root@localhost, MySQL-AB JDBC Driver]
2013-11-19 21:17:11,029 DEBUG [main] com.jiazu.web.shop.dao.C2CDao.get(Slf4jImpl.java:47) - ==>  Preparing: select `uid`,`createtime` , `groupuid`, `useruid`, `sn`, `name`, `number`, `price`, `desc`, `contactname`, `telephone`, `qq`, `address`, `littlethumb`, `thumb`, `bigthumb`, `img`, `originalimg`, `newrate`, `sortorder`, `isbest`, `istop`, `ishot`, `type`, `status`, `updatetime` from c2c where uid = ? 
2013-11-19 21:17:11,029 DEBUG [main] com.jiazu.web.shop.dao.C2CDao.get(Slf4jImpl.java:47) - ==> Parameters: 86883b04795f38d0a70b1f9004c1f989(String)
2013-11-19 21:17:11,033 DEBUG [main] com.jiazu.web.shop.dao.C2CDao.updateFields(Slf4jImpl.java:47) - ooo Using Connection [jdbc:mysql://localhost/ShopDB, UserName=root@localhost, MySQL-AB JDBC Driver]
2013-11-19 21:17:11,034 DEBUG [main] com.jiazu.web.shop.dao.C2CDao.updateFields(Slf4jImpl.java:47) - ==>  Preparing: update c2c SET name = ? where uid = ? 
2013-11-19 21:17:11,034 DEBUG [main] com.jiazu.web.shop.dao.C2CDao.updateFields(Slf4jImpl.java:47) - ==> Parameters: 闪迪闪存(String), 86883b04795f38d0a70b1f9004c1f989(String)
2013-11-19 21:17:11,035 DEBUG [main] com.jiazu.web.shop.dao.C2CDao.get(Slf4jImpl.java:47) - ooo Using Connection [jdbc:mysql://localhost/ShopDB, UserName=root@localhost, MySQL-AB JDBC Driver]
2013-11-19 21:17:11,035 DEBUG [main] com.jiazu.web.shop.dao.C2CDao.get(Slf4jImpl.java:47) - ==>  Preparing: select `uid`,`createtime` , `groupuid`, `useruid`, `sn`, `name`, `number`, `price`, `desc`, `contactname`, `telephone`, `qq`, `address`, `littlethumb`, `thumb`, `bigthumb`, `img`, `originalimg`, `newrate`, `sortorder`, `isbest`, `istop`, `ishot`, `type`, `status`, `updatetime` from c2c where uid = ? 
2013-11-19 21:17:11,036 DEBUG [main] com.jiazu.web.shop.dao.C2CDao.get(Slf4jImpl.java:47) - ==> Parameters: 86883b04795f38d0a70b1f9004c1f989(String)
2013-11-19 21:17:11,051 DEBUG [main] com.jiazu.web.shop.dao.CartDao.get(Slf4jImpl.java:47) - ooo Using Connection [jdbc:mysql://localhost/ShopDB, UserName=root@localhost, MySQL-AB JDBC Driver]
2013-11-19 21:17:11,052 DEBUG [main] com.jiazu.web.shop.dao.CartDao.get(Slf4jImpl.java:47) - ==>  Preparing: select `uid`,`createtime` , `useruid`, `b2cuid`, `number` , `updatetime` from b2ccart where uid = ? 
2013-11-19 21:17:11,053 DEBUG [main] com.jiazu.web.shop.dao.CartDao.get(Slf4jImpl.java:47) - ==> Parameters: 86883b04795f38d0a70b1f9004c1f989(String)
2013-11-19 21:17:11,056 DEBUG [main] com.jiazu.web.shop.dao.CartDao.getOne(Slf4jImpl.java:47) - ooo Using Connection [jdbc:mysql://localhost/ShopDB, UserName=root@localhost, MySQL-AB JDBC Driver]
2013-11-19 21:17:11,057 DEBUG [main] com.jiazu.web.shop.dao.CartDao.getOne(Slf4jImpl.java:47) - ==>  Preparing: select `uid`,`createtime` , `useruid`, `b2cuid`, `number` , `updatetime` from b2ccart WHERE useruid = ? LIMIT 0,1 
2013-11-19 21:17:11,058 DEBUG [main] com.jiazu.web.shop.dao.CartDao.getOne(Slf4jImpl.java:47) - ==> Parameters: 93483b04795f48d0a70b1f9004c1f98f(String)
2013-11-19 21:17:11,062 DEBUG [main] com.jiazu.web.shop.dao.CartDao.getList(Slf4jImpl.java:47) - ooo Using Connection [jdbc:mysql://localhost/ShopDB, UserName=root@localhost, MySQL-AB JDBC Driver]
2013-11-19 21:17:11,063 DEBUG [main] com.jiazu.web.shop.dao.CartDao.getList(Slf4jImpl.java:47) - ==>  Preparing: select `uid`,`createtime` , `useruid`, `b2cuid`, `number` , `updatetime` from b2ccart WHERE useruid = ? order by createtime 
2013-11-19 21:17:11,063 DEBUG [main] com.jiazu.web.shop.dao.CartDao.getList(Slf4jImpl.java:47) - ==> Parameters: 93483b04795f48d0a70b1f9004c1f98f(String)
2013-11-19 21:17:11,066 DEBUG [main] com.jiazu.web.shop.dao.CartDao.insert(Slf4jImpl.java:47) - ooo Using Connection [jdbc:mysql://localhost/ShopDB, UserName=root@localhost, MySQL-AB JDBC Driver]
2013-11-19 21:17:11,066 DEBUG [main] com.jiazu.web.shop.dao.CartDao.insert(Slf4jImpl.java:47) - ==>  Preparing: insert into b2ccart ( `uid`,`createtime` , `useruid`, `b2cuid`, `number` ) values ( ?,?,?,?,? ) 
2013-11-19 21:17:11,067 DEBUG [main] com.jiazu.web.shop.dao.CartDao.insert(Slf4jImpl.java:47) - ==> Parameters: 2eecfa8798714436a8eada16c6367022(String), 2013-11-19 21:17:11.067(Timestamp), 93483b04795f48d0a70b1f9004c1f98f(String), 2eecfa8798714436a8eada16c6367022(String), 12(Integer)
2013-11-19 21:17:11,070 DEBUG [main] com.jiazu.web.shop.dao.CartDao.get(Slf4jImpl.java:47) - ooo Using Connection [jdbc:mysql://localhost/ShopDB, UserName=root@localhost, MySQL-AB JDBC Driver]
2013-11-19 21:17:11,071 DEBUG [main] com.jiazu.web.shop.dao.CartDao.get(Slf4jImpl.java:47) - ==>  Preparing: select `uid`,`createtime` , `useruid`, `b2cuid`, `number` , `updatetime` from b2ccart where uid = ? 
2013-11-19 21:17:11,072 DEBUG [main] com.jiazu.web.shop.dao.CartDao.get(Slf4jImpl.java:47) - ==> Parameters: 2eecfa8798714436a8eada16c6367022(String)
2013-11-19 21:17:11,080 DEBUG [main] com.jiazu.web.shop.dao.CartDao.delete(Slf4jImpl.java:47) - ooo Using Connection [jdbc:mysql://localhost/ShopDB, UserName=root@localhost, MySQL-AB JDBC Driver]
2013-11-19 21:17:11,081 DEBUG [main] com.jiazu.web.shop.dao.CartDao.delete(Slf4jImpl.java:47) - ==>  Preparing: delete from b2ccart where uid = ? 
2013-11-19 21:17:11,082 DEBUG [main] com.jiazu.web.shop.dao.CartDao.delete(Slf4jImpl.java:47) - ==> Parameters: 2eecfa8798714436a8eada16c6367022(String)
2013-11-19 21:17:11,086 DEBUG [main] com.jiazu.web.shop.dao.CartDao.get(Slf4jImpl.java:47) - ooo Using Connection [jdbc:mysql://localhost/ShopDB, UserName=root@localhost, MySQL-AB JDBC Driver]
2013-11-19 21:17:11,086 DEBUG [main] com.jiazu.web.shop.dao.CartDao.get(Slf4jImpl.java:47) - ==>  Preparing: select `uid`,`createtime` , `useruid`, `b2cuid`, `number` , `updatetime` from b2ccart where uid = ? 
2013-11-19 21:17:11,087 DEBUG [main] com.jiazu.web.shop.dao.CartDao.get(Slf4jImpl.java:47) - ==> Parameters: 2eecfa8798714436a8eada16c6367022(String)
2013-11-19 21:17:11,089 DEBUG [main] com.jiazu.web.shop.dao.CartDao.get(Slf4jImpl.java:47) - ooo Using Connection [jdbc:mysql://localhost/ShopDB, UserName=root@localhost, MySQL-AB JDBC Driver]
2013-11-19 21:17:11,090 DEBUG [main] com.jiazu.web.shop.dao.CartDao.get(Slf4jImpl.java:47) - ==>  Preparing: select `uid`,`createtime` , `useruid`, `b2cuid`, `number` , `updatetime` from b2ccart where uid = ? 
2013-11-19 21:17:11,091 DEBUG [main] com.jiazu.web.shop.dao.CartDao.get(Slf4jImpl.java:47) - ==> Parameters: 86883b04795f38d0a70b1f9004c1f989(String)
2013-11-19 21:17:11,097 DEBUG [main] com.jiazu.web.shop.dao.CartDao.update(Slf4jImpl.java:47) - ooo Using Connection [jdbc:mysql://localhost/ShopDB, UserName=root@localhost, MySQL-AB JDBC Driver]
2013-11-19 21:17:11,097 DEBUG [main] com.jiazu.web.shop.dao.CartDao.update(Slf4jImpl.java:47) - ==>  Preparing: update b2ccart set useruid = ? , b2cuid = ? , number = ? where uid = ? 
2013-11-19 21:17:11,098 DEBUG [main] com.jiazu.web.shop.dao.CartDao.update(Slf4jImpl.java:47) - ==> Parameters: 93483b04795f48d0a70b1f9004c1f98f(String), d064a2fee9bb11e1b4b000fff2ed3093(String), 50(Integer), 86883b04795f38d0a70b1f9004c1f989(String)
2013-11-19 21:17:11,101 DEBUG [main] com.jiazu.web.shop.dao.CartDao.get(Slf4jImpl.java:47) - ooo Using Connection [jdbc:mysql://localhost/ShopDB, UserName=root@localhost, MySQL-AB JDBC Driver]
2013-11-19 21:17:11,101 DEBUG [main] com.jiazu.web.shop.dao.CartDao.get(Slf4jImpl.java:47) - ==>  Preparing: select `uid`,`createtime` , `useruid`, `b2cuid`, `number` , `updatetime` from b2ccart where uid = ? 
2013-11-19 21:17:11,102 DEBUG [main] com.jiazu.web.shop.dao.CartDao.get(Slf4jImpl.java:47) - ==> Parameters: 86883b04795f38d0a70b1f9004c1f989(String)
2013-11-19 21:17:11,105 DEBUG [main] com.jiazu.web.shop.dao.CartDao.updateFields(Slf4jImpl.java:47) - ooo Using Connection [jdbc:mysql://localhost/ShopDB, UserName=root@localhost, MySQL-AB JDBC Driver]
2013-11-19 21:17:11,106 DEBUG [main] com.jiazu.web.shop.dao.CartDao.updateFields(Slf4jImpl.java:47) - ==>  Preparing: update b2ccart SET useruid = ? where uid = ? 
2013-11-19 21:17:11,106 DEBUG [main] com.jiazu.web.shop.dao.CartDao.updateFields(Slf4jImpl.java:47) - ==> Parameters: 93483b04795f48d0a70b1f9004c1f98f(String), 86883b04795f38d0a70b1f9004c1f989(String)
2013-11-19 21:17:11,110 DEBUG [main] com.jiazu.web.shop.dao.CartDao.get(Slf4jImpl.java:47) - ooo Using Connection [jdbc:mysql://localhost/ShopDB, UserName=root@localhost, MySQL-AB JDBC Driver]
2013-11-19 21:17:11,110 DEBUG [main] com.jiazu.web.shop.dao.CartDao.get(Slf4jImpl.java:47) - ==>  Preparing: select `uid`,`createtime` , `useruid`, `b2cuid`, `number` , `updatetime` from b2ccart where uid = ? 
2013-11-19 21:17:11,111 DEBUG [main] com.jiazu.web.shop.dao.CartDao.get(Slf4jImpl.java:47) - ==> Parameters: 86883b04795f38d0a70b1f9004c1f989(String)
2013-11-19 21:17:11,122 DEBUG [main] com.jiazu.web.shop.dao.ContentDao.get(Slf4jImpl.java:47) - ooo Using Connection [jdbc:mysql://localhost/ShopDB, UserName=root@localhost, MySQL-AB JDBC Driver]
2013-11-19 21:17:11,123 DEBUG [main] com.jiazu.web.shop.dao.ContentDao.get(Slf4jImpl.java:47) - ==>  Preparing: select `oid`,`createtime` , `channel_id`, `type`, `adminuid`, `top_level`, `priority`, `title`, `titleshort`, `titleimg`, `originalimg`, `author`, `origin`, `originurl`, `description`, `content`, `isrecommend`, `status`, `viewsday`, `commentsday`, `upsday`, `sortorder`, `updatetime` from content where oid = ? 
2013-11-19 21:17:11,124 DEBUG [main] com.jiazu.web.shop.dao.ContentDao.get(Slf4jImpl.java:47) - ==> Parameters: 1(Integer)
2013-11-19 21:17:11,134 DEBUG [main] com.jiazu.web.shop.dao.ContentDao.getOne(Slf4jImpl.java:47) - ooo Using Connection [jdbc:mysql://localhost/ShopDB, UserName=root@localhost, MySQL-AB JDBC Driver]
2013-11-19 21:17:11,134 DEBUG [main] com.jiazu.web.shop.dao.ContentDao.getOne(Slf4jImpl.java:47) - ==>  Preparing: select `oid`,`createtime` , `channel_id`, `type`, `adminuid`, `top_level`, `priority`, `title`, `titleshort`, `titleimg`, `originalimg`, `author`, `origin`, `originurl`, `description`, `content`, `isrecommend`, `status`, `viewsday`, `commentsday`, `upsday`, `sortorder`, `updatetime` from content LIMIT 0,1 
2013-11-19 21:17:11,135 DEBUG [main] com.jiazu.web.shop.dao.ContentDao.getOne(Slf4jImpl.java:47) - ==> Parameters: 
2013-11-19 21:17:11,155 DEBUG [main] com.jiazu.web.shop.dao.ContentDao.getList(Slf4jImpl.java:47) - ooo Using Connection [jdbc:mysql://localhost/ShopDB, UserName=root@localhost, MySQL-AB JDBC Driver]
2013-11-19 21:17:11,155 DEBUG [main] com.jiazu.web.shop.dao.ContentDao.getList(Slf4jImpl.java:47) - ==>  Preparing: select `oid`,`createtime` , `channel_id`, `type`, `adminuid`, `top_level`, `priority`, `title`, `titleshort`, `titleimg`, `originalimg`, `author`, `origin`, `originurl`, `description`, `content`, `isrecommend`, `status`, `viewsday`, `commentsday`, `upsday`, `sortorder`, `updatetime` from content order by createtime 
2013-11-19 21:17:11,155 DEBUG [main] com.jiazu.web.shop.dao.ContentDao.getList(Slf4jImpl.java:47) - ==> Parameters: 
2013-11-19 21:17:11,176 DEBUG [main] com.jiazu.web.shop.dao.ContentDao.insert(Slf4jImpl.java:47) - ooo Using Connection [jdbc:mysql://localhost/ShopDB, UserName=root@localhost, MySQL-AB JDBC Driver]
2013-11-19 21:17:11,176 DEBUG [main] com.jiazu.web.shop.dao.ContentDao.insert(Slf4jImpl.java:47) - ==>  Preparing: insert into content ( `oid`,`createtime` , `channel_id`, `type`, `adminuid`, `top_level`, `priority`, `title`, `titleshort`, `titleimg`, `originalimg`, `author`, `origin`, `originurl`, `description`, `content`, `isrecommend`, `status`, `viewsday`, `commentsday`, `upsday`, `sortorder` ) values ( ?,?,?,?,?,?,?,?,?,?,?,?,?,?,?,?,?,?,?,?,?,? ) 
2013-11-19 21:17:11,177 DEBUG [main] com.jiazu.web.shop.dao.ContentDao.insert(Slf4jImpl.java:47) - ==> Parameters: 0(Integer), 2013-11-19 21:17:11.177(Timestamp), 0(Integer), 0(String), 39861366faec46f786cd8b2a14b5e7c0(String), 1(Integer), 12(Integer), my title(String), 简短标题(String), titleimg.jpg(String), null, greathill(String), google(String), haap://g.com(String), 内容描述(String), 内容(String), true(Boolean), 0(String), 0(Integer), 1(Integer), 1(Integer), 0(Integer)
2013-11-19 21:17:11,179 DEBUG [main] com.jiazu.web.shop.dao.ContentDao.insert!selectKey(Slf4jImpl.java:47) - ooo Using Connection [jdbc:mysql://localhost/ShopDB, UserName=root@localhost, MySQL-AB JDBC Driver]
2013-11-19 21:17:11,180 DEBUG [main] com.jiazu.web.shop.dao.ContentDao.insert!selectKey(Slf4jImpl.java:47) - ==>  Preparing: SELECT LAST_INSERT_ID() 
2013-11-19 21:17:11,180 DEBUG [main] com.jiazu.web.shop.dao.ContentDao.insert!selectKey(Slf4jImpl.java:47) - ==> Parameters: 
2013-11-19 21:17:11,181 DEBUG [main] com.jiazu.web.shop.dao.ContentDao.get(Slf4jImpl.java:47) - ooo Using Connection [jdbc:mysql://localhost/ShopDB, UserName=root@localhost, MySQL-AB JDBC Driver]
2013-11-19 21:17:11,182 DEBUG [main] com.jiazu.web.shop.dao.ContentDao.get(Slf4jImpl.java:47) - ==>  Preparing: select `oid`,`createtime` , `channel_id`, `type`, `adminuid`, `top_level`, `priority`, `title`, `titleshort`, `titleimg`, `originalimg`, `author`, `origin`, `originurl`, `description`, `content`, `isrecommend`, `status`, `viewsday`, `commentsday`, `upsday`, `sortorder`, `updatetime` from content where oid = ? 
2013-11-19 21:17:11,182 DEBUG [main] com.jiazu.web.shop.dao.ContentDao.get(Slf4jImpl.java:47) - ==> Parameters: 113(Integer)
2013-11-19 21:17:11,184 DEBUG [main] com.jiazu.web.shop.dao.ContentDao.delete(Slf4jImpl.java:47) - ooo Using Connection [jdbc:mysql://localhost/ShopDB, UserName=root@localhost, MySQL-AB JDBC Driver]
2013-11-19 21:17:11,185 DEBUG [main] com.jiazu.web.shop.dao.ContentDao.delete(Slf4jImpl.java:47) - ==>  Preparing: delete from content where oid = ? 
2013-11-19 21:17:11,185 DEBUG [main] com.jiazu.web.shop.dao.ContentDao.delete(Slf4jImpl.java:47) - ==> Parameters: 113(Integer)
2013-11-19 21:17:11,187 DEBUG [main] com.jiazu.web.shop.dao.ContentDao.get(Slf4jImpl.java:47) - ooo Using Connection [jdbc:mysql://localhost/ShopDB, UserName=root@localhost, MySQL-AB JDBC Driver]
2013-11-19 21:17:11,187 DEBUG [main] com.jiazu.web.shop.dao.ContentDao.get(Slf4jImpl.java:47) - ==>  Preparing: select `oid`,`createtime` , `channel_id`, `type`, `adminuid`, `top_level`, `priority`, `title`, `titleshort`, `titleimg`, `originalimg`, `author`, `origin`, `originurl`, `description`, `content`, `isrecommend`, `status`, `viewsday`, `commentsday`, `upsday`, `sortorder`, `updatetime` from content where oid = ? 
2013-11-19 21:17:11,187 DEBUG [main] com.jiazu.web.shop.dao.ContentDao.get(Slf4jImpl.java:47) - ==> Parameters: 113(Integer)
2013-11-19 21:17:11,189 DEBUG [main] com.jiazu.web.shop.dao.ContentDao.get(Slf4jImpl.java:47) - ooo Using Connection [jdbc:mysql://localhost/ShopDB, UserName=root@localhost, MySQL-AB JDBC Driver]
2013-11-19 21:17:11,189 DEBUG [main] com.jiazu.web.shop.dao.ContentDao.get(Slf4jImpl.java:47) - ==>  Preparing: select `oid`,`createtime` , `channel_id`, `type`, `adminuid`, `top_level`, `priority`, `title`, `titleshort`, `titleimg`, `originalimg`, `author`, `origin`, `originurl`, `description`, `content`, `isrecommend`, `status`, `viewsday`, `commentsday`, `upsday`, `sortorder`, `updatetime` from content where oid = ? 
2013-11-19 21:17:11,190 DEBUG [main] com.jiazu.web.shop.dao.ContentDao.get(Slf4jImpl.java:47) - ==> Parameters: 1(Integer)
2013-11-19 21:17:11,192 DEBUG [main] com.jiazu.web.shop.dao.ContentDao.update(Slf4jImpl.java:47) - ooo Using Connection [jdbc:mysql://localhost/ShopDB, UserName=root@localhost, MySQL-AB JDBC Driver]
2013-11-19 21:17:11,192 DEBUG [main] com.jiazu.web.shop.dao.ContentDao.update(Slf4jImpl.java:47) - ==>  Preparing: update content set channel_id = ? , type = ? , adminuid = ? , isrecommend = ? , top_level = ?, priority = ?, title = ?, titleshort = ?, titleimg = ?, originalimg = ?, author = ?, origin = ?, originurl = ?, description = ?, content = ?, status = ?, viewsday = ?, commentsday = ?, upsday = ?, sortorder = ? where oid = ? 
2013-11-19 21:17:11,193 DEBUG [main] com.jiazu.web.shop.dao.ContentDao.update(Slf4jImpl.java:47) - ==> Parameters: 1(Integer), 0(String), 93483b04795f48d0a70b1f9004c1f98f(String), true(Boolean), 12(Integer), 12(Integer), 尼康（Nikon） D3100 单反套机（AF-S DX 18-55mm f/3.5-5.6G VR尼克尔镜头）(String), 尼康（Nikon） D3100(String), asdddd.jpg(String), (String), admin(String), google(String), http://google.com(String), 简要描述(String), 内容(String), 1(String), 122(Integer), 43(Integer), 66(Integer), 0(Integer), 1(Integer)
2013-11-19 21:17:11,196 DEBUG [main] com.jiazu.web.shop.dao.ContentDao.get(Slf4jImpl.java:47) - ooo Using Connection [jdbc:mysql://localhost/ShopDB, UserName=root@localhost, MySQL-AB JDBC Driver]
2013-11-19 21:17:11,196 DEBUG [main] com.jiazu.web.shop.dao.ContentDao.get(Slf4jImpl.java:47) - ==>  Preparing: select `oid`,`createtime` , `channel_id`, `type`, `adminuid`, `top_level`, `priority`, `title`, `titleshort`, `titleimg`, `originalimg`, `author`, `origin`, `originurl`, `description`, `content`, `isrecommend`, `status`, `viewsday`, `commentsday`, `upsday`, `sortorder`, `updatetime` from content where oid = ? 
2013-11-19 21:17:11,196 DEBUG [main] com.jiazu.web.shop.dao.ContentDao.get(Slf4jImpl.java:47) - ==> Parameters: 1(Integer)
2013-11-19 21:17:11,200 DEBUG [main] com.jiazu.web.shop.dao.ContentDao.updateFields(Slf4jImpl.java:47) - ooo Using Connection [jdbc:mysql://localhost/ShopDB, UserName=root@localhost, MySQL-AB JDBC Driver]
2013-11-19 21:17:11,200 DEBUG [main] com.jiazu.web.shop.dao.ContentDao.updateFields(Slf4jImpl.java:47) - ==>  Preparing: update content SET type = ? where oid = ? 
2013-11-19 21:17:11,200 DEBUG [main] com.jiazu.web.shop.dao.ContentDao.updateFields(Slf4jImpl.java:47) - ==> Parameters: 0(String), 1(Integer)
2013-11-19 21:17:11,201 DEBUG [main] com.jiazu.web.shop.dao.ContentDao.get(Slf4jImpl.java:47) - ooo Using Connection [jdbc:mysql://localhost/ShopDB, UserName=root@localhost, MySQL-AB JDBC Driver]
2013-11-19 21:17:11,202 DEBUG [main] com.jiazu.web.shop.dao.ContentDao.get(Slf4jImpl.java:47) - ==>  Preparing: select `oid`,`createtime` , `channel_id`, `type`, `adminuid`, `top_level`, `priority`, `title`, `titleshort`, `titleimg`, `originalimg`, `author`, `origin`, `originurl`, `description`, `content`, `isrecommend`, `status`, `viewsday`, `commentsday`, `upsday`, `sortorder`, `updatetime` from content where oid = ? 
2013-11-19 21:17:11,202 DEBUG [main] com.jiazu.web.shop.dao.ContentDao.get(Slf4jImpl.java:47) - ==> Parameters: 1(Integer)
2013-11-19 21:17:11,210 DEBUG [main] com.jiazu.web.shop.dao.GalleryDao.get(Slf4jImpl.java:47) - ooo Using Connection [jdbc:mysql://localhost/ShopDB, UserName=root@localhost, MySQL-AB JDBC Driver]
2013-11-19 21:17:11,211 DEBUG [main] com.jiazu.web.shop.dao.GalleryDao.get(Slf4jImpl.java:47) - ==>  Preparing: select `uid`,`createtime` , `goodsuid`, `img`, `thumb`, `bigimg`, `original`, `title`, `isdefault`, `sortorder` from b2cgallery where uid = ? 
2013-11-19 21:17:11,212 DEBUG [main] com.jiazu.web.shop.dao.GalleryDao.get(Slf4jImpl.java:47) - ==> Parameters: 86883b04795f38d0a70b1f9004c1f989(String)
2013-11-19 21:17:11,218 DEBUG [main] com.jiazu.web.shop.dao.GalleryDao.getOne(Slf4jImpl.java:47) - ooo Using Connection [jdbc:mysql://localhost/ShopDB, UserName=root@localhost, MySQL-AB JDBC Driver]
2013-11-19 21:17:11,218 DEBUG [main] com.jiazu.web.shop.dao.GalleryDao.getOne(Slf4jImpl.java:47) - ==>  Preparing: select `uid`,`createtime` , `goodsuid`, `img`, `thumb`, `bigimg`, `original`, `title`, `isdefault`, `sortorder` from b2cgallery LIMIT 0,1 
2013-11-19 21:17:11,219 DEBUG [main] com.jiazu.web.shop.dao.GalleryDao.getOne(Slf4jImpl.java:47) - ==> Parameters: 
2013-11-19 21:17:11,223 DEBUG [main] com.jiazu.web.shop.dao.GalleryDao.getList(Slf4jImpl.java:47) - ooo Using Connection [jdbc:mysql://localhost/ShopDB, UserName=root@localhost, MySQL-AB JDBC Driver]
2013-11-19 21:17:11,224 DEBUG [main] com.jiazu.web.shop.dao.GalleryDao.getList(Slf4jImpl.java:47) - ==>  Preparing: select `uid`,`createtime` , `goodsuid`, `img`, `thumb`, `bigimg`, `original`, `title`, `isdefault`, `sortorder` from b2cgallery order by sortorder desc,createtime 
2013-11-19 21:17:11,225 DEBUG [main] com.jiazu.web.shop.dao.GalleryDao.getList(Slf4jImpl.java:47) - ==> Parameters: 
2013-11-19 21:17:11,231 DEBUG [main] com.jiazu.web.shop.dao.GalleryDao.insert(Slf4jImpl.java:47) - ooo Using Connection [jdbc:mysql://localhost/ShopDB, UserName=root@localhost, MySQL-AB JDBC Driver]
2013-11-19 21:17:11,231 DEBUG [main] com.jiazu.web.shop.dao.GalleryDao.insert(Slf4jImpl.java:47) - ==>  Preparing: insert into b2cgallery ( `uid`,`createtime` , `goodsuid`, `img`, `thumb`, `bigimg`, `original`, `title`, `isdefault`, `sortorder` ) values ( ?,?,?,?,?,?,?,?,?,? ) 
2013-11-19 21:17:11,232 DEBUG [main] com.jiazu.web.shop.dao.GalleryDao.insert(Slf4jImpl.java:47) - ==> Parameters: 35cc599fd3714e5b828587dd3d008c70(String), 2013-11-19 21:17:11.232(Timestamp), 57fa453973a14ef9ae1bdc89b9676a44(String), good.jpg(String), as.png(String), good.jpg(String), org.jpg(String), 缩略图简介(String), false(Boolean), 0(Integer)
2013-11-19 21:17:11,235 DEBUG [main] com.jiazu.web.shop.dao.GalleryDao.get(Slf4jImpl.java:47) - ooo Using Connection [jdbc:mysql://localhost/ShopDB, UserName=root@localhost, MySQL-AB JDBC Driver]
2013-11-19 21:17:11,236 DEBUG [main] com.jiazu.web.shop.dao.GalleryDao.get(Slf4jImpl.java:47) - ==>  Preparing: select `uid`,`createtime` , `goodsuid`, `img`, `thumb`, `bigimg`, `original`, `title`, `isdefault`, `sortorder` from b2cgallery where uid = ? 
2013-11-19 21:17:11,236 DEBUG [main] com.jiazu.web.shop.dao.GalleryDao.get(Slf4jImpl.java:47) - ==> Parameters: 35cc599fd3714e5b828587dd3d008c70(String)
2013-11-19 21:17:11,239 DEBUG [main] com.jiazu.web.shop.dao.GalleryDao.delete(Slf4jImpl.java:47) - ooo Using Connection [jdbc:mysql://localhost/ShopDB, UserName=root@localhost, MySQL-AB JDBC Driver]
2013-11-19 21:17:11,239 DEBUG [main] com.jiazu.web.shop.dao.GalleryDao.delete(Slf4jImpl.java:47) - ==>  Preparing: delete from b2cgallery where uid = ? 
2013-11-19 21:17:11,239 DEBUG [main] com.jiazu.web.shop.dao.GalleryDao.delete(Slf4jImpl.java:47) - ==> Parameters: 35cc599fd3714e5b828587dd3d008c70(String)
2013-11-19 21:17:11,242 DEBUG [main] com.jiazu.web.shop.dao.GalleryDao.get(Slf4jImpl.java:47) - ooo Using Connection [jdbc:mysql://localhost/ShopDB, UserName=root@localhost, MySQL-AB JDBC Driver]
2013-11-19 21:17:11,242 DEBUG [main] com.jiazu.web.shop.dao.GalleryDao.get(Slf4jImpl.java:47) - ==>  Preparing: select `uid`,`createtime` , `goodsuid`, `img`, `thumb`, `bigimg`, `original`, `title`, `isdefault`, `sortorder` from b2cgallery where uid = ? 
2013-11-19 21:17:11,243 DEBUG [main] com.jiazu.web.shop.dao.GalleryDao.get(Slf4jImpl.java:47) - ==> Parameters: 35cc599fd3714e5b828587dd3d008c70(String)
2013-11-19 21:17:11,245 DEBUG [main] com.jiazu.web.shop.dao.GalleryDao.get(Slf4jImpl.java:47) - ooo Using Connection [jdbc:mysql://localhost/ShopDB, UserName=root@localhost, MySQL-AB JDBC Driver]
2013-11-19 21:17:11,245 DEBUG [main] com.jiazu.web.shop.dao.GalleryDao.get(Slf4jImpl.java:47) - ==>  Preparing: select `uid`,`createtime` , `goodsuid`, `img`, `thumb`, `bigimg`, `original`, `title`, `isdefault`, `sortorder` from b2cgallery where uid = ? 
2013-11-19 21:17:11,245 DEBUG [main] com.jiazu.web.shop.dao.GalleryDao.get(Slf4jImpl.java:47) - ==> Parameters: 86883b04795f38d0a70b1f9004c1f989(String)
2013-11-19 21:17:11,248 DEBUG [main] com.jiazu.web.shop.dao.GalleryDao.update(Slf4jImpl.java:47) - ooo Using Connection [jdbc:mysql://localhost/ShopDB, UserName=root@localhost, MySQL-AB JDBC Driver]
2013-11-19 21:17:11,248 DEBUG [main] com.jiazu.web.shop.dao.GalleryDao.update(Slf4jImpl.java:47) - ==>  Preparing: update b2cgallery set goodsuid = ? , isdefault = ? , img = ?, bigimg = ?, thumb = ?, original = ?, title = ?, sortorder = ? where uid = ? 
2013-11-19 21:17:11,249 DEBUG [main] com.jiazu.web.shop.dao.GalleryDao.update(Slf4jImpl.java:47) - ==> Parameters: 93483b04795f48d0a70b1f9004c1f98f(String), true(Boolean), img.png(String), img.png(String), thumb.jpg(String), orign.gif(String), 标题(String), 12(Integer), 86883b04795f38d0a70b1f9004c1f989(String)
2013-11-19 21:17:11,251 DEBUG [main] com.jiazu.web.shop.dao.GalleryDao.get(Slf4jImpl.java:47) - ooo Using Connection [jdbc:mysql://localhost/ShopDB, UserName=root@localhost, MySQL-AB JDBC Driver]
2013-11-19 21:17:11,252 DEBUG [main] com.jiazu.web.shop.dao.GalleryDao.get(Slf4jImpl.java:47) - ==>  Preparing: select `uid`,`createtime` , `goodsuid`, `img`, `thumb`, `bigimg`, `original`, `title`, `isdefault`, `sortorder` from b2cgallery where uid = ? 
2013-11-19 21:17:11,252 DEBUG [main] com.jiazu.web.shop.dao.GalleryDao.get(Slf4jImpl.java:47) - ==> Parameters: 86883b04795f38d0a70b1f9004c1f989(String)
2013-11-19 21:17:11,254 DEBUG [main] com.jiazu.web.shop.dao.GalleryDao.updateFields(Slf4jImpl.java:47) - ooo Using Connection [jdbc:mysql://localhost/ShopDB, UserName=root@localhost, MySQL-AB JDBC Driver]
2013-11-19 21:17:11,254 DEBUG [main] com.jiazu.web.shop.dao.GalleryDao.updateFields(Slf4jImpl.java:47) - ==>  Preparing: update b2cgallery SET isdefault = ? where uid = ? 
2013-11-19 21:17:11,255 DEBUG [main] com.jiazu.web.shop.dao.GalleryDao.updateFields(Slf4jImpl.java:47) - ==> Parameters: true(Boolean), 86883b04795f38d0a70b1f9004c1f989(String)
2013-11-19 21:17:11,256 DEBUG [main] com.jiazu.web.shop.dao.GalleryDao.get(Slf4jImpl.java:47) - ooo Using Connection [jdbc:mysql://localhost/ShopDB, UserName=root@localhost, MySQL-AB JDBC Driver]
2013-11-19 21:17:11,256 DEBUG [main] com.jiazu.web.shop.dao.GalleryDao.get(Slf4jImpl.java:47) - ==>  Preparing: select `uid`,`createtime` , `goodsuid`, `img`, `thumb`, `bigimg`, `original`, `title`, `isdefault`, `sortorder` from b2cgallery where uid = ? 
2013-11-19 21:17:11,257 DEBUG [main] com.jiazu.web.shop.dao.GalleryDao.get(Slf4jImpl.java:47) - ==> Parameters: 86883b04795f38d0a70b1f9004c1f989(String)
2013-11-19 21:17:11,267 DEBUG [main] com.jiazu.web.shop.dao.OrderDao.get(Slf4jImpl.java:47) - ooo Using Connection [jdbc:mysql://localhost/ShopDB, UserName=root@localhost, MySQL-AB JDBC Driver]
2013-11-19 21:17:11,267 DEBUG [main] com.jiazu.web.shop.dao.OrderDao.get(Slf4jImpl.java:47) - ==>  Preparing: select `uid`,`createtime` , `useruid`, `userid`, `username`, `ordersn`, `totalamount`, `unitprice`, `minusprice`, `totalprice`, `shippingid`, `postscript`, `shippingfee`, `shipping_name`, `consignee`, `province`, `city`, `district`, `address`, `zipcode`, `tel`, `mobile`, `email`, `memo`, `orderstatus`, `shippingstatus`, `paystatus`, `payid`, `payname`, `exprdate`, `updatetime` from b2corder where uid = ? 
2013-11-19 21:17:11,268 DEBUG [main] com.jiazu.web.shop.dao.OrderDao.get(Slf4jImpl.java:47) - ==> Parameters: 86883b04795f38d0a70b1f9004c1f989(String)
2013-11-19 21:17:11,280 DEBUG [main] com.jiazu.web.shop.dao.OrderDao.getOne(Slf4jImpl.java:47) - ooo Using Connection [jdbc:mysql://localhost/ShopDB, UserName=root@localhost, MySQL-AB JDBC Driver]
2013-11-19 21:17:11,281 DEBUG [main] com.jiazu.web.shop.dao.OrderDao.getOne(Slf4jImpl.java:47) - ==>  Preparing: select `uid`,`createtime` , `useruid`, `userid`, `username`, `ordersn`, `totalamount`, `unitprice`, `minusprice`, `totalprice`, `shippingid`, `postscript`, `shippingfee`, `shipping_name`, `consignee`, `province`, `city`, `district`, `address`, `zipcode`, `tel`, `mobile`, `email`, `memo`, `orderstatus`, `shippingstatus`, `paystatus`, `payid`, `payname`, `exprdate`, `updatetime` from b2corder WHERE useruid = ? LIMIT 0,1 
2013-11-19 21:17:11,282 DEBUG [main] com.jiazu.web.shop.dao.OrderDao.getOne(Slf4jImpl.java:47) - ==> Parameters: 93483b04795f48d0a70b1f9004c1f98f(String)
2013-11-19 21:17:11,289 DEBUG [main] com.jiazu.web.shop.dao.OrderDao.getList(Slf4jImpl.java:47) - ooo Using Connection [jdbc:mysql://localhost/ShopDB, UserName=root@localhost, MySQL-AB JDBC Driver]
2013-11-19 21:17:11,289 DEBUG [main] com.jiazu.web.shop.dao.OrderDao.getList(Slf4jImpl.java:47) - ==>  Preparing: select `uid`,`createtime` , `useruid`, `userid`, `username`, `ordersn`, `totalamount`, `unitprice`, `minusprice`, `totalprice`, `shippingid`, `postscript`, `shippingfee`, `shipping_name`, `consignee`, `province`, `city`, `district`, `address`, `zipcode`, `tel`, `mobile`, `email`, `memo`, `orderstatus`, `shippingstatus`, `paystatus`, `payid`, `payname`, `exprdate`, `updatetime` from b2corder WHERE useruid = ? order by createtime 
2013-11-19 21:17:11,289 DEBUG [main] com.jiazu.web.shop.dao.OrderDao.getList(Slf4jImpl.java:47) - ==> Parameters: 93483b04795f48d0a70b1f9004c1f98f(String)
2013-11-19 21:17:11,296 DEBUG [main] com.jiazu.web.shop.dao.OrderDao.insert(Slf4jImpl.java:47) - ooo Using Connection [jdbc:mysql://localhost/ShopDB, UserName=root@localhost, MySQL-AB JDBC Driver]
2013-11-19 21:17:11,297 DEBUG [main] com.jiazu.web.shop.dao.OrderDao.insert(Slf4jImpl.java:47) - ==>  Preparing: insert into b2corder ( `uid`,`createtime` , `useruid`, `userid`, `username`, `ordersn`, `totalamount`, `unitprice`, `minusprice`, `totalprice`, `shippingid`, `postscript`, `shippingfee`, `shipping_name`, `consignee`, `province`, `city`, `district`, `address`, `zipcode`, `tel`, `mobile`, `email`, `memo`, `orderstatus`, `shippingstatus`, `paystatus`, `payid`, `payname`, `exprdate` ) values ( ?,?,?,?,?,?,?,?,?,?,?,?,?,?,?,?,?,?,?,?,?,?,?,?,?,?,?,?,?,? ) 
2013-11-19 21:17:11,298 DEBUG [main] com.jiazu.web.shop.dao.OrderDao.insert(Slf4jImpl.java:47) - ==> Parameters: f35e37f3c4c84900b0aa8fe753b92f70(String), 2013-11-19 21:17:11.298(Timestamp), 93483b04795f48d0a70b1f9004c1f98f(String), null, null, jrl(String), 3(Integer), 33.243(Double), 0.0(Double), 223.67(Double), asddddffe(String), 快递备注(String), 10.01(Double), 顺风(String), 收件人(String), 1(String), 102(String), 23(String), 北京海淀(String), 100089(String), 1224443334(String), (String), ads@sasd.com(String), (String), 1(String), 0(String), -1(String), alipay id(String), 支付人姓名(String), null
2013-11-19 21:17:11,301 DEBUG [main] com.jiazu.web.shop.dao.OrderDao.get(Slf4jImpl.java:47) - ooo Using Connection [jdbc:mysql://localhost/ShopDB, UserName=root@localhost, MySQL-AB JDBC Driver]
2013-11-19 21:17:11,301 DEBUG [main] com.jiazu.web.shop.dao.OrderDao.get(Slf4jImpl.java:47) - ==>  Preparing: select `uid`,`createtime` , `useruid`, `userid`, `username`, `ordersn`, `totalamount`, `unitprice`, `minusprice`, `totalprice`, `shippingid`, `postscript`, `shippingfee`, `shipping_name`, `consignee`, `province`, `city`, `district`, `address`, `zipcode`, `tel`, `mobile`, `email`, `memo`, `orderstatus`, `shippingstatus`, `paystatus`, `payid`, `payname`, `exprdate`, `updatetime` from b2corder where uid = ? 
2013-11-19 21:17:11,302 DEBUG [main] com.jiazu.web.shop.dao.OrderDao.get(Slf4jImpl.java:47) - ==> Parameters: f35e37f3c4c84900b0aa8fe753b92f70(String)
2013-11-19 21:17:11,305 DEBUG [main] com.jiazu.web.shop.dao.OrderDao.delete(Slf4jImpl.java:47) - ooo Using Connection [jdbc:mysql://localhost/ShopDB, UserName=root@localhost, MySQL-AB JDBC Driver]
2013-11-19 21:17:11,306 DEBUG [main] com.jiazu.web.shop.dao.OrderDao.delete(Slf4jImpl.java:47) - ==>  Preparing: delete from b2corder where uid = ? 
2013-11-19 21:17:11,306 DEBUG [main] com.jiazu.web.shop.dao.OrderDao.delete(Slf4jImpl.java:47) - ==> Parameters: f35e37f3c4c84900b0aa8fe753b92f70(String)
2013-11-19 21:17:11,308 DEBUG [main] com.jiazu.web.shop.dao.OrderDao.get(Slf4jImpl.java:47) - ooo Using Connection [jdbc:mysql://localhost/ShopDB, UserName=root@localhost, MySQL-AB JDBC Driver]
2013-11-19 21:17:11,309 DEBUG [main] com.jiazu.web.shop.dao.OrderDao.get(Slf4jImpl.java:47) - ==>  Preparing: select `uid`,`createtime` , `useruid`, `userid`, `username`, `ordersn`, `totalamount`, `unitprice`, `minusprice`, `totalprice`, `shippingid`, `postscript`, `shippingfee`, `shipping_name`, `consignee`, `province`, `city`, `district`, `address`, `zipcode`, `tel`, `mobile`, `email`, `memo`, `orderstatus`, `shippingstatus`, `paystatus`, `payid`, `payname`, `exprdate`, `updatetime` from b2corder where uid = ? 
2013-11-19 21:17:11,309 DEBUG [main] com.jiazu.web.shop.dao.OrderDao.get(Slf4jImpl.java:47) - ==> Parameters: f35e37f3c4c84900b0aa8fe753b92f70(String)
2013-11-19 21:17:11,312 DEBUG [main] com.jiazu.web.shop.dao.OrderDao.get(Slf4jImpl.java:47) - ooo Using Connection [jdbc:mysql://localhost/ShopDB, UserName=root@localhost, MySQL-AB JDBC Driver]
2013-11-19 21:17:11,312 DEBUG [main] com.jiazu.web.shop.dao.OrderDao.get(Slf4jImpl.java:47) - ==>  Preparing: select `uid`,`createtime` , `useruid`, `userid`, `username`, `ordersn`, `totalamount`, `unitprice`, `minusprice`, `totalprice`, `shippingid`, `postscript`, `shippingfee`, `shipping_name`, `consignee`, `province`, `city`, `district`, `address`, `zipcode`, `tel`, `mobile`, `email`, `memo`, `orderstatus`, `shippingstatus`, `paystatus`, `payid`, `payname`, `exprdate`, `updatetime` from b2corder where uid = ? 
2013-11-19 21:17:11,313 DEBUG [main] com.jiazu.web.shop.dao.OrderDao.get(Slf4jImpl.java:47) - ==> Parameters: 86883b04795f38d0a70b1f9004c1f989(String)
2013-11-19 21:17:11,316 DEBUG [main] com.jiazu.web.shop.dao.OrderDao.update(Slf4jImpl.java:47) - ooo Using Connection [jdbc:mysql://localhost/ShopDB, UserName=root@localhost, MySQL-AB JDBC Driver]
2013-11-19 21:17:11,316 DEBUG [main] com.jiazu.web.shop.dao.OrderDao.update(Slf4jImpl.java:47) - ==>  Preparing: update b2corder set useruid = ? , userid = ? , username = ? , ordersn = ? , paystatus = ? , orderstatus = ? , shippingstatus = ? , totalamount = ?, unitprice = ?, minusprice = ? , totalprice = ?, shippingid = ?, postscript = ?, shippingfee = ?, shipping_name = ?, consignee = ?, province = ?, city = ?, district = ?, address = ?, zipcode = ?, tel = ?, mobile = ?, email = ?, memo = ?, payid = ?, payname = ?, exprdate = ? where uid = ? 
2013-11-19 21:17:11,317 DEBUG [main] com.jiazu.web.shop.dao.OrderDao.update(Slf4jImpl.java:47) - ==> Parameters: 93483b04795f48d0a70b1f9004c1f98f(String), null, null, f2ed3093(String), 0(String), 1(String), 1(String), 10(Integer), 209.0(Double), 0.0(Double), 2090.0(Double), 1(String), postscript(String), 10.0(Double), 顺风(String), 北京海淀张三(String), 1(String), 1(String), 1(String), 地址(String), 100086(String), 010-29399989(String), 198893838849(String), greatbsky@163.com(String), 要红色的哦(String), 1(String), 支付宝(String), 2012-08-25(Date), 86883b04795f38d0a70b1f9004c1f989(String)
2013-11-19 21:17:11,319 DEBUG [main] com.jiazu.web.shop.dao.OrderDao.get(Slf4jImpl.java:47) - ooo Using Connection [jdbc:mysql://localhost/ShopDB, UserName=root@localhost, MySQL-AB JDBC Driver]
2013-11-19 21:17:11,319 DEBUG [main] com.jiazu.web.shop.dao.OrderDao.get(Slf4jImpl.java:47) - ==>  Preparing: select `uid`,`createtime` , `useruid`, `userid`, `username`, `ordersn`, `totalamount`, `unitprice`, `minusprice`, `totalprice`, `shippingid`, `postscript`, `shippingfee`, `shipping_name`, `consignee`, `province`, `city`, `district`, `address`, `zipcode`, `tel`, `mobile`, `email`, `memo`, `orderstatus`, `shippingstatus`, `paystatus`, `payid`, `payname`, `exprdate`, `updatetime` from b2corder where uid = ? 
2013-11-19 21:17:11,320 DEBUG [main] com.jiazu.web.shop.dao.OrderDao.get(Slf4jImpl.java:47) - ==> Parameters: 86883b04795f38d0a70b1f9004c1f989(String)
2013-11-19 21:17:11,323 DEBUG [main] com.jiazu.web.shop.dao.OrderDao.updateFields(Slf4jImpl.java:47) - ooo Using Connection [jdbc:mysql://localhost/ShopDB, UserName=root@localhost, MySQL-AB JDBC Driver]
2013-11-19 21:17:11,323 DEBUG [main] com.jiazu.web.shop.dao.OrderDao.updateFields(Slf4jImpl.java:47) - ==>  Preparing: update b2corder SET paystatus = ? where uid = ? 
2013-11-19 21:17:11,323 DEBUG [main] com.jiazu.web.shop.dao.OrderDao.updateFields(Slf4jImpl.java:47) - ==> Parameters: 0(String), 86883b04795f38d0a70b1f9004c1f989(String)
2013-11-19 21:17:11,324 DEBUG [main] com.jiazu.web.shop.dao.OrderDao.get(Slf4jImpl.java:47) - ooo Using Connection [jdbc:mysql://localhost/ShopDB, UserName=root@localhost, MySQL-AB JDBC Driver]
2013-11-19 21:17:11,325 DEBUG [main] com.jiazu.web.shop.dao.OrderDao.get(Slf4jImpl.java:47) - ==>  Preparing: select `uid`,`createtime` , `useruid`, `userid`, `username`, `ordersn`, `totalamount`, `unitprice`, `minusprice`, `totalprice`, `shippingid`, `postscript`, `shippingfee`, `shipping_name`, `consignee`, `province`, `city`, `district`, `address`, `zipcode`, `tel`, `mobile`, `email`, `memo`, `orderstatus`, `shippingstatus`, `paystatus`, `payid`, `payname`, `exprdate`, `updatetime` from b2corder where uid = ? 
2013-11-19 21:17:11,325 DEBUG [main] com.jiazu.web.shop.dao.OrderDao.get(Slf4jImpl.java:47) - ==> Parameters: 86883b04795f38d0a70b1f9004c1f989(String)
2013-11-19 21:17:11,335 DEBUG [main] com.jiazu.web.shop.dao.OrderDetailDao.getOne(Slf4jImpl.java:47) - ooo Using Connection [jdbc:mysql://localhost/ShopDB, UserName=root@localhost, MySQL-AB JDBC Driver]
2013-11-19 21:17:11,336 DEBUG [main] com.jiazu.web.shop.dao.OrderDetailDao.getOne(Slf4jImpl.java:47) - ==>  Preparing: select `uid`,`createtime` , `b2cuid`, `b2csn`, `b2cname`, `b2clittlethumb`, `b2cthumb`, `num`, `updatetime` from b2corderdetail WHERE uid = ? and b2cuid = ? LIMIT 0,1 
2013-11-19 21:17:11,336 DEBUG [main] com.jiazu.web.shop.dao.OrderDetailDao.getOne(Slf4jImpl.java:47) - ==> Parameters: 93483b04795f48d0a70b1f9004c1f98f(String), 86883b04795f38d0a70b1f9004c1f989(String)
2013-11-19 21:17:11,340 DEBUG [main] com.jiazu.web.shop.dao.OrderDetailDao.getList(Slf4jImpl.java:47) - ooo Using Connection [jdbc:mysql://localhost/ShopDB, UserName=root@localhost, MySQL-AB JDBC Driver]
2013-11-19 21:17:11,341 DEBUG [main] com.jiazu.web.shop.dao.OrderDetailDao.getList(Slf4jImpl.java:47) - ==>  Preparing: select `uid`,`createtime` , `b2cuid`, `b2csn`, `b2cname`, `b2clittlethumb`, `b2cthumb`, `num`, `updatetime` from b2corderdetail WHERE uid = ? order by createtime 
2013-11-19 21:17:11,342 DEBUG [main] com.jiazu.web.shop.dao.OrderDetailDao.getList(Slf4jImpl.java:47) - ==> Parameters: 93483b04795f48d0a70b1f9004c1f98f(String)
2013-11-19 21:17:11,348 DEBUG [main] com.jiazu.web.shop.dao.OrderDetailDao.insert(Slf4jImpl.java:47) - ooo Using Connection [jdbc:mysql://localhost/ShopDB, UserName=root@localhost, MySQL-AB JDBC Driver]
2013-11-19 21:17:11,349 DEBUG [main] com.jiazu.web.shop.dao.OrderDetailDao.insert(Slf4jImpl.java:47) - ==>  Preparing: insert into b2corderdetail ( `uid`,`createtime` , `b2cuid`, `b2csn`, `b2cname`, `b2clittlethumb`, `b2cthumb`, `num` ) values ( ?,?,?,?,?,?,?,? ) 
2013-11-19 21:17:11,350 DEBUG [main] com.jiazu.web.shop.dao.OrderDetailDao.insert(Slf4jImpl.java:47) - ==> Parameters: 206e4fdf5d464393bd8101a75465c900(String), 2013-11-19 21:17:11.349(Timestamp), 3431776ebaf645feac9842605f88f692(String), xlkzav(String), D90(String), (String), (String), 1(Integer)
2013-11-19 21:17:11,353 DEBUG [main] com.jiazu.web.shop.dao.OrderDetailDao.getOne(Slf4jImpl.java:47) - ooo Using Connection [jdbc:mysql://localhost/ShopDB, UserName=root@localhost, MySQL-AB JDBC Driver]
2013-11-19 21:17:11,354 DEBUG [main] com.jiazu.web.shop.dao.OrderDetailDao.getOne(Slf4jImpl.java:47) - ==>  Preparing: select `uid`,`createtime` , `b2cuid`, `b2csn`, `b2cname`, `b2clittlethumb`, `b2cthumb`, `num`, `updatetime` from b2corderdetail WHERE uid = ? and b2cuid = ? LIMIT 0,1 
2013-11-19 21:17:11,355 DEBUG [main] com.jiazu.web.shop.dao.OrderDetailDao.getOne(Slf4jImpl.java:47) - ==> Parameters: 206e4fdf5d464393bd8101a75465c900(String), 3431776ebaf645feac9842605f88f692(String)
2013-11-19 21:17:11,358 DEBUG [main] com.jiazu.web.shop.dao.OrderDetailDao.updateFields(Slf4jImpl.java:47) - ooo Using Connection [jdbc:mysql://localhost/ShopDB, UserName=root@localhost, MySQL-AB JDBC Driver]
2013-11-19 21:17:11,358 DEBUG [main] com.jiazu.web.shop.dao.OrderDetailDao.updateFields(Slf4jImpl.java:47) - ==>  Preparing: update b2corderdetail SET num = ? where uid = ? and (? is null || `b2cuid` = ?) 
2013-11-19 21:17:11,359 DEBUG [main] com.jiazu.web.shop.dao.OrderDetailDao.updateFields(Slf4jImpl.java:47) - ==> Parameters: 3(Integer), 206e4fdf5d464393bd8101a75465c900(String), 3431776ebaf645feac9842605f88f692(String), 3431776ebaf645feac9842605f88f692(String)
2013-11-19 21:17:11,380 DEBUG [main] com.jiazu.web.shop.dao.OrderDetailDao.delete(Slf4jImpl.java:47) - ooo Using Connection [jdbc:mysql://localhost/ShopDB, UserName=root@localhost, MySQL-AB JDBC Driver]
2013-11-19 21:17:11,381 DEBUG [main] com.jiazu.web.shop.dao.OrderDetailDao.delete(Slf4jImpl.java:47) - ==>  Preparing: delete from b2corderdetail WHERE uid = ? and b2cuid = ? and num = ? 
2013-11-19 21:17:11,381 DEBUG [main] com.jiazu.web.shop.dao.OrderDetailDao.delete(Slf4jImpl.java:47) - ==> Parameters: 206e4fdf5d464393bd8101a75465c900(String), 3431776ebaf645feac9842605f88f692(String), 3(Integer)
2013-11-19 21:17:11,383 DEBUG [main] com.jiazu.web.shop.dao.OrderDetailDao.getOne(Slf4jImpl.java:47) - ooo Using Connection [jdbc:mysql://localhost/ShopDB, UserName=root@localhost, MySQL-AB JDBC Driver]
2013-11-19 21:17:11,384 DEBUG [main] com.jiazu.web.shop.dao.OrderDetailDao.getOne(Slf4jImpl.java:47) - ==>  Preparing: select `uid`,`createtime` , `b2cuid`, `b2csn`, `b2cname`, `b2clittlethumb`, `b2cthumb`, `num`, `updatetime` from b2corderdetail WHERE uid = ? and b2cuid = ? and num = ? LIMIT 0,1 
2013-11-19 21:17:11,384 DEBUG [main] com.jiazu.web.shop.dao.OrderDetailDao.getOne(Slf4jImpl.java:47) - ==> Parameters: 206e4fdf5d464393bd8101a75465c900(String), 3431776ebaf645feac9842605f88f692(String), 3(Integer)
2013-11-19 21:17:11,386 DEBUG [main] com.jiazu.web.shop.dao.OrderDetailDao.getListByOrderUid(Slf4jImpl.java:47) - ooo Using Connection [jdbc:mysql://localhost/ShopDB, UserName=root@localhost, MySQL-AB JDBC Driver]
2013-11-19 21:17:11,387 DEBUG [main] com.jiazu.web.shop.dao.OrderDetailDao.getListByOrderUid(Slf4jImpl.java:47) - ==>  Preparing: select `uid`,`createtime` , `b2cuid`, `b2csn`, `b2cname`, `b2clittlethumb`, `b2cthumb`, `num`, `updatetime` from b2corderdetail WHERE uid = ? 
2013-11-19 21:17:11,387 DEBUG [main] com.jiazu.web.shop.dao.OrderDetailDao.getListByOrderUid(Slf4jImpl.java:47) - ==> Parameters: 93483b04795f48d0a70b1f9004c1f98f(String)
2013-11-19 21:17:11,399 DEBUG [main] com.jiazu.web.shop.dao.OrderLogDao.get(Slf4jImpl.java:47) - ooo Using Connection [jdbc:mysql://localhost/ShopDB, UserName=root@localhost, MySQL-AB JDBC Driver]
2013-11-19 21:17:11,399 DEBUG [main] com.jiazu.web.shop.dao.OrderLogDao.get(Slf4jImpl.java:47) - ==>  Preparing: select `oid`,`createtime` , `useruid`, `orderuid`, `doaction`, `logtype`, `updatetime` from b2cOrderLog where oid = ? 
2013-11-19 21:17:11,400 DEBUG [main] com.jiazu.web.shop.dao.OrderLogDao.get(Slf4jImpl.java:47) - ==> Parameters: 1(Integer)
2013-11-19 21:17:11,404 DEBUG [main] com.jiazu.web.shop.dao.OrderLogDao.getOne(Slf4jImpl.java:47) - ooo Using Connection [jdbc:mysql://localhost/ShopDB, UserName=root@localhost, MySQL-AB JDBC Driver]
2013-11-19 21:17:11,404 DEBUG [main] com.jiazu.web.shop.dao.OrderLogDao.getOne(Slf4jImpl.java:47) - ==>  Preparing: select `oid`,`createtime` , `useruid`, `orderuid`, `doaction`, `logtype`, `updatetime` from b2cOrderLog WHERE useruid = ? LIMIT 0,1 
2013-11-19 21:17:11,405 DEBUG [main] com.jiazu.web.shop.dao.OrderLogDao.getOne(Slf4jImpl.java:47) - ==> Parameters: 93483b04795f48d0a70b1f9004c1f98f(String)
2013-11-19 21:17:11,408 DEBUG [main] com.jiazu.web.shop.dao.OrderLogDao.getList(Slf4jImpl.java:47) - ooo Using Connection [jdbc:mysql://localhost/ShopDB, UserName=root@localhost, MySQL-AB JDBC Driver]
2013-11-19 21:17:11,408 DEBUG [main] com.jiazu.web.shop.dao.OrderLogDao.getList(Slf4jImpl.java:47) - ==>  Preparing: select `oid`,`createtime` , `useruid`, `orderuid`, `doaction`, `logtype`, `updatetime` from b2cOrderLog WHERE useruid = ? order by createtime 
2013-11-19 21:17:11,409 DEBUG [main] com.jiazu.web.shop.dao.OrderLogDao.getList(Slf4jImpl.java:47) - ==> Parameters: 93483b04795f48d0a70b1f9004c1f98f(String)
2013-11-19 21:17:11,412 DEBUG [main] com.jiazu.web.shop.dao.OrderLogDao.insert(Slf4jImpl.java:47) - ooo Using Connection [jdbc:mysql://localhost/ShopDB, UserName=root@localhost, MySQL-AB JDBC Driver]
2013-11-19 21:17:11,413 DEBUG [main] com.jiazu.web.shop.dao.OrderLogDao.insert(Slf4jImpl.java:47) - ==>  Preparing: insert into b2cOrderLog ( `oid`,`createtime` , `useruid`, `orderuid`, `doaction`, `logtype` ) values ( ?,?,?,?,?,? ) 
2013-11-19 21:17:11,413 DEBUG [main] com.jiazu.web.shop.dao.OrderLogDao.insert(Slf4jImpl.java:47) - ==> Parameters: 0(Integer), 2013-11-19 21:17:11.413(Timestamp), null, 93483b04795f48d0a70b1f9004c1f98f(String), ***进行了**操作(String), 1(String)
2013-11-19 21:17:11,415 DEBUG [main] com.jiazu.web.shop.dao.OrderLogDao.insert!selectKey(Slf4jImpl.java:47) - ooo Using Connection [jdbc:mysql://localhost/ShopDB, UserName=root@localhost, MySQL-AB JDBC Driver]
2013-11-19 21:17:11,415 DEBUG [main] com.jiazu.web.shop.dao.OrderLogDao.insert!selectKey(Slf4jImpl.java:47) - ==>  Preparing: SELECT LAST_INSERT_ID() 
2013-11-19 21:17:11,415 DEBUG [main] com.jiazu.web.shop.dao.OrderLogDao.insert!selectKey(Slf4jImpl.java:47) - ==> Parameters: 
2013-11-19 21:17:11,417 DEBUG [main] com.jiazu.web.shop.dao.OrderLogDao.get(Slf4jImpl.java:47) - ooo Using Connection [jdbc:mysql://localhost/ShopDB, UserName=root@localhost, MySQL-AB JDBC Driver]
2013-11-19 21:17:11,417 DEBUG [main] com.jiazu.web.shop.dao.OrderLogDao.get(Slf4jImpl.java:47) - ==>  Preparing: select `oid`,`createtime` , `useruid`, `orderuid`, `doaction`, `logtype`, `updatetime` from b2cOrderLog where oid = ? 
2013-11-19 21:17:11,417 DEBUG [main] com.jiazu.web.shop.dao.OrderLogDao.get(Slf4jImpl.java:47) - ==> Parameters: 2(Integer)
2013-11-19 21:17:11,419 DEBUG [main] com.jiazu.web.shop.dao.OrderLogDao.delete(Slf4jImpl.java:47) - ooo Using Connection [jdbc:mysql://localhost/ShopDB, UserName=root@localhost, MySQL-AB JDBC Driver]
2013-11-19 21:17:11,419 DEBUG [main] com.jiazu.web.shop.dao.OrderLogDao.delete(Slf4jImpl.java:47) - ==>  Preparing: delete from b2cOrderLog where oid = ? 
2013-11-19 21:17:11,420 DEBUG [main] com.jiazu.web.shop.dao.OrderLogDao.delete(Slf4jImpl.java:47) - ==> Parameters: 2(Integer)
2013-11-19 21:17:11,421 DEBUG [main] com.jiazu.web.shop.dao.OrderLogDao.get(Slf4jImpl.java:47) - ooo Using Connection [jdbc:mysql://localhost/ShopDB, UserName=root@localhost, MySQL-AB JDBC Driver]
2013-11-19 21:17:11,422 DEBUG [main] com.jiazu.web.shop.dao.OrderLogDao.get(Slf4jImpl.java:47) - ==>  Preparing: select `oid`,`createtime` , `useruid`, `orderuid`, `doaction`, `logtype`, `updatetime` from b2cOrderLog where oid = ? 
2013-11-19 21:17:11,422 DEBUG [main] com.jiazu.web.shop.dao.OrderLogDao.get(Slf4jImpl.java:47) - ==> Parameters: 2(Integer)
2013-11-19 21:17:11,424 DEBUG [main] com.jiazu.web.shop.dao.OrderLogDao.get(Slf4jImpl.java:47) - ooo Using Connection [jdbc:mysql://localhost/ShopDB, UserName=root@localhost, MySQL-AB JDBC Driver]
2013-11-19 21:17:11,424 DEBUG [main] com.jiazu.web.shop.dao.OrderLogDao.get(Slf4jImpl.java:47) - ==>  Preparing: select `oid`,`createtime` , `useruid`, `orderuid`, `doaction`, `logtype`, `updatetime` from b2cOrderLog where oid = ? 
2013-11-19 21:17:11,424 DEBUG [main] com.jiazu.web.shop.dao.OrderLogDao.get(Slf4jImpl.java:47) - ==> Parameters: 1(Integer)
2013-11-19 21:17:11,427 DEBUG [main] com.jiazu.web.shop.dao.OrderLogDao.update(Slf4jImpl.java:47) - ooo Using Connection [jdbc:mysql://localhost/ShopDB, UserName=root@localhost, MySQL-AB JDBC Driver]
2013-11-19 21:17:11,427 DEBUG [main] com.jiazu.web.shop.dao.OrderLogDao.update(Slf4jImpl.java:47) - ==>  Preparing: update b2cOrderLog set useruid = ? , orderuid = ? , logtype = ? , doaction = ? where oid = ? 
2013-11-19 21:17:11,428 DEBUG [main] com.jiazu.web.shop.dao.OrderLogDao.update(Slf4jImpl.java:47) - ==> Parameters: 93483b04795f48d0a70b1f9004c1f98f(String), 86883b04795f38d0a70b1f9004c1f989(String), 1(String), 张三发货(String), 1(Integer)
2013-11-19 21:17:11,430 DEBUG [main] com.jiazu.web.shop.dao.OrderLogDao.get(Slf4jImpl.java:47) - ooo Using Connection [jdbc:mysql://localhost/ShopDB, UserName=root@localhost, MySQL-AB JDBC Driver]
2013-11-19 21:17:11,430 DEBUG [main] com.jiazu.web.shop.dao.OrderLogDao.get(Slf4jImpl.java:47) - ==>  Preparing: select `oid`,`createtime` , `useruid`, `orderuid`, `doaction`, `logtype`, `updatetime` from b2cOrderLog where oid = ? 
2013-11-19 21:17:11,430 DEBUG [main] com.jiazu.web.shop.dao.OrderLogDao.get(Slf4jImpl.java:47) - ==> Parameters: 1(Integer)
2013-11-19 21:17:11,434 DEBUG [main] com.jiazu.web.shop.dao.OrderLogDao.updateFields(Slf4jImpl.java:47) - ooo Using Connection [jdbc:mysql://localhost/ShopDB, UserName=root@localhost, MySQL-AB JDBC Driver]
2013-11-19 21:17:11,434 DEBUG [main] com.jiazu.web.shop.dao.OrderLogDao.updateFields(Slf4jImpl.java:47) - ==>  Preparing: update b2cOrderLog SET useruid = ? where oid = ? 
2013-11-19 21:17:11,434 DEBUG [main] com.jiazu.web.shop.dao.OrderLogDao.updateFields(Slf4jImpl.java:47) - ==> Parameters: 93483b04795f48d0a70b1f9004c1f98f(String), 1(Integer)
2013-11-19 21:17:11,435 DEBUG [main] com.jiazu.web.shop.dao.OrderLogDao.get(Slf4jImpl.java:47) - ooo Using Connection [jdbc:mysql://localhost/ShopDB, UserName=root@localhost, MySQL-AB JDBC Driver]
2013-11-19 21:17:11,436 DEBUG [main] com.jiazu.web.shop.dao.OrderLogDao.get(Slf4jImpl.java:47) - ==>  Preparing: select `oid`,`createtime` , `useruid`, `orderuid`, `doaction`, `logtype`, `updatetime` from b2cOrderLog where oid = ? 
2013-11-19 21:17:11,436 DEBUG [main] com.jiazu.web.shop.dao.OrderLogDao.get(Slf4jImpl.java:47) - ==> Parameters: 1(Integer)
2013-11-19 21:17:11,446 DEBUG [main] com.jiazu.web.shop.dao.RegionDao.get(Slf4jImpl.java:47) - ooo Using Connection [jdbc:mysql://localhost/ShopDB, UserName=root@localhost, MySQL-AB JDBC Driver]
2013-11-19 21:17:11,447 DEBUG [main] com.jiazu.web.shop.dao.RegionDao.get(Slf4jImpl.java:47) - ==>  Preparing: select `id` , `name`, `name_english`, `name_short` , `postcode` , `areacode` , `parentid` , `note` from region where id = ? 
2013-11-19 21:17:11,447 DEBUG [main] com.jiazu.web.shop.dao.RegionDao.get(Slf4jImpl.java:47) - ==> Parameters: 000000(String)
2013-11-19 21:17:11,452 DEBUG [main] com.jiazu.web.shop.dao.RegionDao.getOne(Slf4jImpl.java:47) - ooo Using Connection [jdbc:mysql://localhost/ShopDB, UserName=root@localhost, MySQL-AB JDBC Driver]
2013-11-19 21:17:11,452 DEBUG [main] com.jiazu.web.shop.dao.RegionDao.getOne(Slf4jImpl.java:47) - ==>  Preparing: select `id` , `name`, `name_english`, `name_short` , `postcode` , `areacode` , `parentid` , `note` from region WHERE name_short = ? LIMIT 0,1 
2013-11-19 21:17:11,453 DEBUG [main] com.jiazu.web.shop.dao.RegionDao.getOne(Slf4jImpl.java:47) - ==> Parameters: BJ(String)
2013-11-19 21:17:11,456 DEBUG [main] com.jiazu.web.shop.dao.RegionDao.getList(Slf4jImpl.java:47) - ooo Using Connection [jdbc:mysql://localhost/ShopDB, UserName=root@localhost, MySQL-AB JDBC Driver]
2013-11-19 21:17:11,456 DEBUG [main] com.jiazu.web.shop.dao.RegionDao.getList(Slf4jImpl.java:47) - ==>  Preparing: select `id` , `name`, `name_english`, `name_short` , `postcode` , `areacode` , `parentid` , `note` from region WHERE name_short = ? order by id 
2013-11-19 21:17:11,457 DEBUG [main] com.jiazu.web.shop.dao.RegionDao.getList(Slf4jImpl.java:47) - ==> Parameters: BJ(String)
2013-11-19 21:17:11,464 DEBUG [main] com.jiazu.web.shop.dao.RegionDao.insert(Slf4jImpl.java:47) - ooo Using Connection [jdbc:mysql://localhost/ShopDB, UserName=root@localhost, MySQL-AB JDBC Driver]
2013-11-19 21:17:11,464 DEBUG [main] com.jiazu.web.shop.dao.RegionDao.insert(Slf4jImpl.java:47) - ==>  Preparing: insert into region ( `id` , `name`, `name_english`, `name_short` , `postcode` , `areacode` , `parentid` , `note` ) values ( ?,?,?,?,?,?,?,? ) 
2013-11-19 21:17:11,465 DEBUG [main] com.jiazu.web.shop.dao.RegionDao.insert(Slf4jImpl.java:47) - ==> Parameters: f7udij(String), test(String), testengl(String), tt(String), 100087(String), 222(String), 000000(String), null
2013-11-19 21:17:11,467 DEBUG [main] com.jiazu.web.shop.dao.RegionDao.get(Slf4jImpl.java:47) - ooo Using Connection [jdbc:mysql://localhost/ShopDB, UserName=root@localhost, MySQL-AB JDBC Driver]
2013-11-19 21:17:11,467 DEBUG [main] com.jiazu.web.shop.dao.RegionDao.get(Slf4jImpl.java:47) - ==>  Preparing: select `id` , `name`, `name_english`, `name_short` , `postcode` , `areacode` , `parentid` , `note` from region where id = ? 
2013-11-19 21:17:11,467 DEBUG [main] com.jiazu.web.shop.dao.RegionDao.get(Slf4jImpl.java:47) - ==> Parameters: f7udij(String)
2013-11-19 21:17:11,469 DEBUG [main] com.jiazu.web.shop.dao.RegionDao.update(Slf4jImpl.java:47) - ooo Using Connection [jdbc:mysql://localhost/ShopDB, UserName=root@localhost, MySQL-AB JDBC Driver]
2013-11-19 21:17:11,470 DEBUG [main] com.jiazu.web.shop.dao.RegionDao.update(Slf4jImpl.java:47) - ==>  Preparing: update region set name = ? , name_english = ? , name_short = ? , postcode = ? , areacode = ? , parentid = ? , note = ? where id = ? 
2013-11-19 21:17:11,470 DEBUG [main] com.jiazu.web.shop.dao.RegionDao.update(Slf4jImpl.java:47) - ==> Parameters: test(String), testengl(String), tt(String), 100087(String), 222(String), 1111(String), null, f7udij(String)
2013-11-19 21:17:11,472 DEBUG [main] com.jiazu.web.shop.dao.RegionDao.delete(Slf4jImpl.java:47) - ooo Using Connection [jdbc:mysql://localhost/ShopDB, UserName=root@localhost, MySQL-AB JDBC Driver]
2013-11-19 21:17:11,472 DEBUG [main] com.jiazu.web.shop.dao.RegionDao.delete(Slf4jImpl.java:47) - ==>  Preparing: delete from region where id = ? 
2013-11-19 21:17:11,473 DEBUG [main] com.jiazu.web.shop.dao.RegionDao.delete(Slf4jImpl.java:47) - ==> Parameters: f7udij(String)
2013-11-19 21:17:11,475 DEBUG [main] com.jiazu.web.shop.dao.RegionDao.get(Slf4jImpl.java:47) - ooo Using Connection [jdbc:mysql://localhost/ShopDB, UserName=root@localhost, MySQL-AB JDBC Driver]
2013-11-19 21:17:11,475 DEBUG [main] com.jiazu.web.shop.dao.RegionDao.get(Slf4jImpl.java:47) - ==>  Preparing: select `id` , `name`, `name_english`, `name_short` , `postcode` , `areacode` , `parentid` , `note` from region where id = ? 
2013-11-19 21:17:11,476 DEBUG [main] com.jiazu.web.shop.dao.RegionDao.get(Slf4jImpl.java:47) - ==> Parameters: f7udij(String)
2013-11-19 21:17:11,486 DEBUG [main] com.jiazu.web.shop.dao.RoleDao.get(Slf4jImpl.java:47) - ooo Using Connection [jdbc:mysql://localhost/ShopDB, UserName=root@localhost, MySQL-AB JDBC Driver]
2013-11-19 21:17:11,487 DEBUG [main] com.jiazu.web.shop.dao.RoleDao.get(Slf4jImpl.java:47) - ==>  Preparing: select `uid` , `userid`, `authority` from adminrole where uid = ? 
2013-11-19 21:17:11,487 DEBUG [main] com.jiazu.web.shop.dao.RoleDao.get(Slf4jImpl.java:47) - ==> Parameters: 86883b04795f38d0a70b1f9004c1f989(String)
2013-11-19 21:17:11,492 DEBUG [main] com.jiazu.web.shop.dao.RoleDao.getOne(Slf4jImpl.java:47) - ooo Using Connection [jdbc:mysql://localhost/ShopDB, UserName=root@localhost, MySQL-AB JDBC Driver]
2013-11-19 21:17:11,493 DEBUG [main] com.jiazu.web.shop.dao.RoleDao.getOne(Slf4jImpl.java:47) - ==>  Preparing: select `uid` , `userid`, `authority` from adminrole WHERE userid = ? LIMIT 0,1 
2013-11-19 21:17:11,493 DEBUG [main] com.jiazu.web.shop.dao.RoleDao.getOne(Slf4jImpl.java:47) - ==> Parameters: admin(String)
2013-11-19 21:17:11,497 DEBUG [main] com.jiazu.web.shop.dao.RoleDao.getList(Slf4jImpl.java:47) - ooo Using Connection [jdbc:mysql://localhost/ShopDB, UserName=root@localhost, MySQL-AB JDBC Driver]
2013-11-19 21:17:11,498 DEBUG [main] com.jiazu.web.shop.dao.RoleDao.getList(Slf4jImpl.java:47) - ==>  Preparing: select `uid` , `userid`, `authority` from adminrole WHERE userid = ? 
2013-11-19 21:17:11,498 DEBUG [main] com.jiazu.web.shop.dao.RoleDao.getList(Slf4jImpl.java:47) - ==> Parameters: admin(String)
2013-11-19 21:17:11,500 DEBUG [main] com.jiazu.web.shop.dao.RoleDao.insert(Slf4jImpl.java:47) - ooo Using Connection [jdbc:mysql://localhost/ShopDB, UserName=root@localhost, MySQL-AB JDBC Driver]
2013-11-19 21:17:11,500 DEBUG [main] com.jiazu.web.shop.dao.RoleDao.insert(Slf4jImpl.java:47) - ==>  Preparing: insert into adminrole ( `uid` , `userid`, `authority` ) values ( ?,?,? ) 
2013-11-19 21:17:11,501 DEBUG [main] com.jiazu.web.shop.dao.RoleDao.insert(Slf4jImpl.java:47) - ==> Parameters: 4d4e8bd4f35e4d79b9826de11fe3351a(String), dc1d225d73c546ea91a558bb8b3f7c25(String), ROLE_ADMIN(String)
2013-11-19 21:17:11,502 DEBUG [main] com.jiazu.web.shop.dao.RoleDao.get(Slf4jImpl.java:47) - ooo Using Connection [jdbc:mysql://localhost/ShopDB, UserName=root@localhost, MySQL-AB JDBC Driver]
2013-11-19 21:17:11,503 DEBUG [main] com.jiazu.web.shop.dao.RoleDao.get(Slf4jImpl.java:47) - ==>  Preparing: select `uid` , `userid`, `authority` from adminrole where uid = ? 
2013-11-19 21:17:11,503 DEBUG [main] com.jiazu.web.shop.dao.RoleDao.get(Slf4jImpl.java:47) - ==> Parameters: 4d4e8bd4f35e4d79b9826de11fe3351a(String)
2013-11-19 21:17:11,504 DEBUG [main] com.jiazu.web.shop.dao.RoleDao.update(Slf4jImpl.java:47) - ooo Using Connection [jdbc:mysql://localhost/ShopDB, UserName=root@localhost, MySQL-AB JDBC Driver]
2013-11-19 21:17:11,504 DEBUG [main] com.jiazu.web.shop.dao.RoleDao.update(Slf4jImpl.java:47) - ==>  Preparing: update adminrole set userid = ? , authority = ? where uid = ? 
2013-11-19 21:17:11,505 DEBUG [main] com.jiazu.web.shop.dao.RoleDao.update(Slf4jImpl.java:47) - ==> Parameters: dc1d225d73c546ea91a558bb8b3f7c25(String), ROLE_ADMIN(String), 4d4e8bd4f35e4d79b9826de11fe3351a(String)
2013-11-19 21:17:11,506 DEBUG [main] com.jiazu.web.shop.dao.RoleDao.delete(Slf4jImpl.java:47) - ooo Using Connection [jdbc:mysql://localhost/ShopDB, UserName=root@localhost, MySQL-AB JDBC Driver]
2013-11-19 21:17:11,507 DEBUG [main] com.jiazu.web.shop.dao.RoleDao.delete(Slf4jImpl.java:47) - ==>  Preparing: delete from adminrole where uid = ? 
2013-11-19 21:17:11,507 DEBUG [main] com.jiazu.web.shop.dao.RoleDao.delete(Slf4jImpl.java:47) - ==> Parameters: 4d4e8bd4f35e4d79b9826de11fe3351a(String)
2013-11-19 21:17:11,509 DEBUG [main] com.jiazu.web.shop.dao.RoleDao.get(Slf4jImpl.java:47) - ooo Using Connection [jdbc:mysql://localhost/ShopDB, UserName=root@localhost, MySQL-AB JDBC Driver]
2013-11-19 21:17:11,509 DEBUG [main] com.jiazu.web.shop.dao.RoleDao.get(Slf4jImpl.java:47) - ==>  Preparing: select `uid` , `userid`, `authority` from adminrole where uid = ? 
2013-11-19 21:17:11,510 DEBUG [main] com.jiazu.web.shop.dao.RoleDao.get(Slf4jImpl.java:47) - ==> Parameters: 4d4e8bd4f35e4d79b9826de11fe3351a(String)
2013-11-19 21:17:11,512 DEBUG [main] com.jiazu.web.shop.dao.RoleDao.deleteByAdminUid(Slf4jImpl.java:47) - ooo Using Connection [jdbc:mysql://localhost/ShopDB, UserName=root@localhost, MySQL-AB JDBC Driver]
2013-11-19 21:17:11,512 DEBUG [main] com.jiazu.web.shop.dao.RoleDao.deleteByAdminUid(Slf4jImpl.java:47) - ==>  Preparing: delete from adminrole where `userid` = (select `userid` from `admin` where `uid` = ?) 
2013-11-19 21:17:11,513 DEBUG [main] com.jiazu.web.shop.dao.RoleDao.deleteByAdminUid(Slf4jImpl.java:47) - ==> Parameters: aaa(String)
