2012-10-17 16:17:32,058 ERROR [main] com.jiazu.web.platform.serviceimpl.UserSOImpl(UserSOImpl.java:88) - 
2012-10-17 16:17:32,440 ERROR [main] com.jiazu.web.platform.serviceimpl.UserSOImpl(UserSOImpl.java:88) - 
### Error updating database.  Cause: com.mysql.jdbc.exceptions.jdbc4.MySQLIntegrityConstraintViolationException: Duplicate entry 'greathill' for key 'userid'
### The error may involve com.jiazu.web.platform.dao.UserDao.insert-Inline
### The error occurred while setting parameters
### SQL: insert into `user` ( `oid`,`uid`,`userid`,`groupuid`,`account`,`password`,`name`,`gender`,`realname`,`birthday`,`email`,`intro`,`thumb`,`avatar`,`original`,`signed`,`qq`,`msn`,`phone`,`mobile`,`salary`,`status`,`resetpwd`,`logincount`,`educount`,`eventcount`,`groupcount`,`msgcount`,`errorlasttime`,`errorcount`,`errorip`,`lastlogintime`,`lastloginip`,`registerip`,`createtime`,`updatetime` )   values (     ?,?,?,?,?,?,?,?,?,?,?,?,?,?,?,?,?,?,?,?,?,?,?,?,?,?,?,?,?,?,?,?,?,?,?,?    )
### Cause: com.mysql.jdbc.exceptions.jdbc4.MySQLIntegrityConstraintViolationException: Duplicate entry 'greathill' for key 'userid'
; SQL []; Duplicate entry 'greathill' for key 'userid'; nested exception is com.mysql.jdbc.exceptions.jdbc4.MySQLIntegrityConstraintViolationException: Duplicate entry 'greathill' for key 'userid'
2012-10-17 16:17:32,520 ERROR [main] com.jiazu.web.platform.serviceimpl.UserSOImpl(UserSOImpl.java:88) - 
2012-10-17 16:29:43,938 ERROR [main] com.jiazu.web.platform.serviceimpl.UserSOImpl(UserSOImpl.java:88) - 
2012-10-17 16:29:44,233 ERROR [main] com.jiazu.web.platform.serviceimpl.UserSOImpl(UserSOImpl.java:88) - 
### Error updating database.  Cause: com.mysql.jdbc.exceptions.jdbc4.MySQLIntegrityConstraintViolationException: Duplicate entry 'greathill' for key 'userid'
### The error may involve com.jiazu.web.platform.dao.UserDao.insert-Inline
### The error occurred while setting parameters
### SQL: insert into `user` ( `oid`,`uid`,`userid`,`groupuid`,`account`,`password`,`name`,`gender`,`realname`,`birthday`,`email`,`intro`,`thumb`,`avatar`,`original`,`signed`,`qq`,`msn`,`phone`,`mobile`,`salary`,`status`,`resetpwd`,`logincount`,`educount`,`eventcount`,`groupcount`,`msgcount`,`errorlasttime`,`errorcount`,`errorip`,`lastlogintime`,`lastloginip`,`registerip`,`createtime`,`updatetime` )   values (     ?,?,?,?,?,?,?,?,?,?,?,?,?,?,?,?,?,?,?,?,?,?,?,?,?,?,?,?,?,?,?,?,?,?,?,?    )
### Cause: com.mysql.jdbc.exceptions.jdbc4.MySQLIntegrityConstraintViolationException: Duplicate entry 'greathill' for key 'userid'
; SQL []; Duplicate entry 'greathill' for key 'userid'; nested exception is com.mysql.jdbc.exceptions.jdbc4.MySQLIntegrityConstraintViolationException: Duplicate entry 'greathill' for key 'userid'
2012-10-17 16:29:44,267 ERROR [main] com.jiazu.web.platform.serviceimpl.UserSOImpl(UserSOImpl.java:88) - 
2012-10-17 16:36:06,847 ERROR [main] com.jiazu.web.platform.serviceimpl.UserSOImpl(UserSOImpl.java:88) - 
2012-10-17 16:36:06,928 ERROR [main] com.jiazu.web.platform.serviceimpl.UserSOImpl(UserSOImpl.java:88) - 
### Error updating database.  Cause: com.mysql.jdbc.exceptions.jdbc4.MySQLIntegrityConstraintViolationException: Duplicate entry 'greathill' for key 'userid'
### The error may involve com.jiazu.web.platform.dao.UserDao.insert-Inline
### The error occurred while setting parameters
### SQL: insert into `user` ( `oid`,`uid`,`userid`,`groupuid`,`account`,`password`,`name`,`gender`,`realname`,`birthday`,`email`,`intro`,`thumb`,`avatar`,`original`,`signed`,`qq`,`msn`,`phone`,`mobile`,`salary`,`status`,`resetpwd`,`logincount`,`educount`,`eventcount`,`groupcount`,`msgcount`,`errorlasttime`,`errorcount`,`errorip`,`lastlogintime`,`lastloginip`,`registerip`,`createtime`,`updatetime` )   values (     ?,?,?,?,?,?,?,?,?,?,?,?,?,?,?,?,?,?,?,?,?,?,?,?,?,?,?,?,?,?,?,?,?,?,?,?    )
### Cause: com.mysql.jdbc.exceptions.jdbc4.MySQLIntegrityConstraintViolationException: Duplicate entry 'greathill' for key 'userid'
; SQL []; Duplicate entry 'greathill' for key 'userid'; nested exception is com.mysql.jdbc.exceptions.jdbc4.MySQLIntegrityConstraintViolationException: Duplicate entry 'greathill' for key 'userid'
2012-10-17 16:36:06,945 ERROR [main] com.jiazu.web.platform.serviceimpl.UserSOImpl(UserSOImpl.java:88) - 
2012-10-17 17:25:38,640 ERROR [main] com.jiazu.web.platform.serviceimpl.UserSOImpl(UserSOImpl.java:88) - 
2012-10-17 17:25:38,857 ERROR [main] com.jiazu.web.platform.serviceimpl.UserSOImpl(UserSOImpl.java:88) - 
### Error updating database.  Cause: com.mysql.jdbc.exceptions.jdbc4.MySQLIntegrityConstraintViolationException: Duplicate entry 'greathill' for key 'userid'
### The error may involve com.jiazu.web.platform.dao.UserDao.insert-Inline
### The error occurred while setting parameters
### SQL: insert into `user` ( `oid`,`uid`,`userid`,`groupuid`,`account`,`password`,`name`,`gender`,`realname`,`birthday`,`email`,`intro`,`thumb`,`avatar`,`original`,`signed`,`qq`,`msn`,`phone`,`mobile`,`salary`,`status`,`resetpwd`,`logincount`,`educount`,`eventcount`,`groupcount`,`msgcount`,`errorlasttime`,`errorcount`,`errorip`,`lastlogintime`,`lastloginip`,`registerip`,`createtime`,`updatetime` )   values (     ?,?,?,?,?,?,?,?,?,?,?,?,?,?,?,?,?,?,?,?,?,?,?,?,?,?,?,?,?,?,?,?,?,?,?,?    )
### Cause: com.mysql.jdbc.exceptions.jdbc4.MySQLIntegrityConstraintViolationException: Duplicate entry 'greathill' for key 'userid'
; SQL []; Duplicate entry 'greathill' for key 'userid'; nested exception is com.mysql.jdbc.exceptions.jdbc4.MySQLIntegrityConstraintViolationException: Duplicate entry 'greathill' for key 'userid'
2012-10-17 17:25:38,902 ERROR [main] com.jiazu.web.platform.serviceimpl.UserSOImpl(UserSOImpl.java:88) - 
